hlcsg v3.4 VL33 (Feb  2 2014)
Zoner's Half-Life Compilation Tools -- Custom Build
Based on code modifications by Sean 'Zoner' Cavanaugh
Based on Valve's version, modified with permission.
Submit detailed bug reports to (vluzacn@163.com)
-----  BEGIN  hlcsg -----
Command line: "C:/Program Files/J.A.C.K/halflife/hlcsg.exe" C:\Phoenix\CORRIDORS\PhoenixCORRIDORS\maps\corridors2 
Arguments: C:\Phoenix\CORRIDORS\PhoenixCORRIDORS\maps\corridors2 -low -wadautodetect 
Entering C:\Phoenix\CORRIDORS\PhoenixCORRIDORS\maps\corridors2.map

Current hlcsg Settings
Name                 |  Setting  |  Default
---------------------|-----------|-------------------------
threads               [       8 ] [  Varies ]
verbose               [     off ] [     off ]
log                   [      on ] [      on ]
reset logfile         [      on ] [      on ]
developer             [       0 ] [       0 ]
chart                 [     off ] [     off ]
estimate              [     off ] [     off ]
max texture memory    [ 33554432 ] [ 33554432 ]
max lighting memory   [ 50331648 ] [ 50331648 ]
priority              [     Low ] [  Normal ]

noclip                [     off ] [     off ]
null texture stripping[      on ] [      on ]
clipnode economy mode [     off ] [     off ]
clip hull type        [  simple ] [  simple ]
onlyents              [     off ] [     off ]
wadtextures           [      on ] [      on ]
skyclip               [      on ] [      on ]
hullfile              [    None ] [    None ]
wad configuration file[    None ] [    None ]
wad.cfg group name    [    None ] [    None ]
nullfile              [    None ] [    None ]
nullify trigger       [      on ] [      on ]
min surface area      [   0.000 ] [   0.000 ]
brush union threshold [   0.000 ] [   0.000 ]
map scaling           [    None ] [    None ]
light name optimize   [      on ] [      on ]
UTF8 game_text        [      on ] [      on ]

Using mapfile wad configuration
Wadfiles not in use by the map will be excluded
Wadinclude list :
[zhlt.wad]

CreateBrush:
 (0.01 seconds)
CSGBrush:
 (0.05 seconds)

Using Wadfile: \Phoenix\CORRIDORS\valve\halflife.wad
 - Contains 6 used textures, 100.00 percent of map (3116 textures in wad)

Wad files required to run the map: "halflife.wad;"
Texture usage is at 0.06 mb (of 32.00 mb MAX)
0.20 seconds elapsed

-----   END   hlcsg -----



hlbsp v3.4 VL33 (Feb  2 2014)
Zoner's Half-Life Compilation Tools -- Custom Build
Based on code modifications by Sean 'Zoner' Cavanaugh
Based on Valve's version, modified with permission.
Submit detailed bug reports to (vluzacn@163.com)
-----  BEGIN  hlbsp -----
Command line: "C:/Program Files/J.A.C.K/halflife/hlbsp.exe" C:\Phoenix\CORRIDORS\PhoenixCORRIDORS\maps\corridors2 
Arguments: C:\Phoenix\CORRIDORS\PhoenixCORRIDORS\maps\corridors2 -low -chart 

Current hlbsp Settings
Name               |  Setting  |  Default
-------------------|-----------|-------------------------
threads             [       8 ] [  Varies ]
verbose             [     off ] [     off ]
log                 [      on ] [      on ]
developer           [       0 ] [       0 ]
chart               [      on ] [     off ]
estimate            [     off ] [     off ]
max texture memory  [ 33554432 ] [ 33554432 ]
priority            [     Low ] [  Normal ]

noclip              [     off ] [     off ]
nofill              [     off ] [     off ]
noinsidefill        [     off ] [     off ]
noopt               [     off ] [     off ]
no clipnode merging [     off ] [     off ]
null tex. stripping [      on ] [      on ]
notjunc             [     off ] [     off ]
nobrink             [     off ] [     off ]
subdivide size      [     240 ] [     240 ] (Min 64) (Max 512)
max node size       [    1024 ] [    1024 ] (Min 64) (Max 65536)
remove hull 2       [     off ] [     off ]


SolidBSP [hull 0] 186 (0.03 seconds)
BSP generation successful, writing portal file 'C:\Phoenix\CORRIDORS\PhoenixCORRIDORS\maps\corridors2.prt'
SolidBSP [hull 1] 190 (0.01 seconds)
SolidBSP [hull 2] 187 (0.02 seconds)
SolidBSP [hull 3] 176 (0.01 seconds)
Reduced 573 clipnodes to 515
Reduced 55 texinfos to 45
Reduced 6 texdatas to 6 (268 bytes to 268)
Reduced 586 planes to 258
FixBrinks:
Increased 515 clipnodes to 515.

Object names  Objects/Maxobjs  Memory / Maxmem  Fullness
------------  ---------------  ---------------  --------
models              7/512          448/32768    ( 1.4%)
planes            258/32768       5160/655360   ( 0.8%)
vertexes         2515/65535      30180/786420   ( 3.8%)
nodes             221/32767       5304/786408   ( 0.7%)
texinfos           45/32767       1800/1310680  ( 0.1%)
faces            1978/65535      39560/1310700  ( 3.0%)
* worldfaces     1972/32768          0/0        ( 6.0%)
clipnodes         515/32767       4120/262136   ( 1.6%)
leaves            136/32760       3808/917280   ( 0.4%)
* worldleaves      99/8192           0/0        ( 1.2%)
marksurfaces     2041/65535       4082/131070   ( 3.1%)
surfedges        9066/512000     36264/2048000  ( 1.8%)
edges            4534/256000     18136/1024000  ( 1.8%)
texdata          [variable]        268/33554432 ( 0.0%)
lightdata        [variable]          0/50331648 ( 0.0%)
visdata          [variable]          0/8388608  ( 0.0%)
entdata          [variable]       6028/2097152  ( 0.3%)
* AllocBlock       17/64             0/0        (26.6%)
6 textures referenced
=== Total BSP file data space used: 155158 bytes ===
Wad files required to run the map: "halflife.wad;"
0.26 seconds elapsed

-----   END   hlbsp -----



hlvis v3.4 VL33 (Feb  2 2014)
Zoner's Half-Life Compilation Tools -- Custom Build
Based on code modifications by Sean 'Zoner' Cavanaugh
Based on Valve's version, modified with permission.
Submit detailed bug reports to (vluzacn@163.com)
-----  BEGIN  hlvis -----
Command line: "C:/Program Files/J.A.C.K/halflife/hlvis.exe" C:\Phoenix\CORRIDORS\PhoenixCORRIDORS\maps\corridors2 
Arguments: C:\Phoenix\CORRIDORS\PhoenixCORRIDORS\maps\corridors2 -low 
  99 portalleafs
 302 numportals

-= Current hlvis Settings =-
Name               |  Setting  |  Default
-------------------|-----------|-------------------------
threads             [       8 ] [  Varies ]
verbose             [     off ] [     off ]
log                 [      on ] [      on ]
developer           [       0 ] [       0 ]
chart               [     off ] [     off ]
estimate            [     off ] [     off ]
max texture memory  [ 33554432 ] [ 33554432 ]
max vis distance    [       0 ] [       0 ]
priority            [     Low ] [  Normal ]

fast vis            [     off ] [     off ]
full vis            [     off ] [     off ]


BasePortalVis:
 (0.01 seconds)
LeafThread:
 (0.05 seconds)
average leafs visible: 42
g_visdatasize:1338  compressed from 1287
0.07 seconds elapsed

-----   END   hlvis -----



hlrad v3.4 VL33 64-bit (Feb  2 2014)
Zoner's Half-Life Compilation Tools -- Custom Build
Based on code modifications by Sean 'Zoner' Cavanaugh
Based on Valve's version, modified with permission.
Submit detailed bug reports to (vluzacn@163.com)
-----  BEGIN  hlrad -----
Command line: "C:/Program Files/J.A.C.K/halflife/hlrad_x64.exe" C:\Phoenix\CORRIDORS\PhoenixCORRIDORS\maps\corridors2 
Arguments: C:\Phoenix\CORRIDORS\PhoenixCORRIDORS\maps\corridors2 -low 
Loading extent file 'C:\Phoenix\CORRIDORS\PhoenixCORRIDORS\maps\corridors2.ext'

-= Current hlrad Settings =-
Name                | Setting             | Default
--------------------|---------------------|-------------------------
threads              [                 8 ] [            Varies ]
verbose              [               off ] [               off ]
log                  [                on ] [                on ]
developer            [                 0 ] [                 0 ]
chart                [               off ] [               off ]
estimate             [               off ] [               off ]
max texture memory   [          33554432 ] [          33554432 ]
max lighting memory  [          50331648 ] [          50331648 ]
priority             [               Low ] [            Normal ]

fast rad             [               off ] [               off ]
vismatrix algorithm  [            Sparse ] [            Sparse ]
oversampling (-extra)[               off ] [               off ]
bounces              [                 8 ] [                 8 ]
ambient light        [ 0.000 0.000 0.000 ] [ 0.000 0.000 0.000 ]
light limit threshold[           188.000 ] [           188.000 ]
circus mode          [               off ] [               off ]

smoothing threshold  [            50.000 ] [            50.000 ]
smoothing threshold 2[         no change ] [         no change ]
direct threshold     [            10.000 ] [            10.000 ]
direct light scale   [             1.000 ] [             1.000 ]
coring threshold     [             0.010 ] [             0.010 ]
patch interpolation  [                on ] [                on ]

texscale             [                on ] [                on ]
patch subdividing    [                on ] [                on ]
chop value           [            64.000 ] [            64.000 ]
texchop value        [            32.000 ] [            32.000 ]

global fade          [             1.000 ] [             1.000 ]
global light scale   [ 2.000 2.000 2.000 ] [ 2.000 2.000 2.000 ]
global gamma         [ 0.550 0.550 0.550 ] [ 0.550 0.550 0.550 ]
global light scale   [             2.000 ] [             2.000 ]
global sky diffusion [             1.000 ] [             1.000 ]

spread angles        [                on ] [                on ]
opaque entities      [                on ] [                on ]
sky lighting fix     [                on ] [                on ]
incremental          [               off ] [               off ]
dump                 [               off ] [               off ]

colour jitter        [       0.0 0.0 0.0 ] [       0.0 0.0 0.0 ]
monochromatic jitter [       0.0 0.0 0.0 ] [       0.0 0.0 0.0 ]

custom shadows with bounce light
                     [               off ] [               off ]
rgb transfers        [               off ] [               off ]
minimum final light  [                 0 ] [                 0 ]
size of transfer     [         1 (16bit) ] [         1 (16bit) ]
size of rgbtransfer  [         2 (32bit) ] [         2 (32bit) ]
soft sky             [                on ] [                on ]
translucent depth    [             2.000 ] [             2.000 ]
block opaque         [                on ] [                on ]
ignore textures      [               off ] [               off ]
reflectivity gamma   [             1.760 ] [             1.760 ]
reflectivity scale   [             0.700 ] [             0.700 ]
blur size            [             1.500 ] [             1.500 ]
no emitter range     [               off ] [               off ]
wall bleeding fix    [                on ] [                on ]


Load Textures:
Using Wadfile: C:\Phoenix\CORRIDORS\PhoenixCORRIDORS\maps\corridors2.wa_
6 textures referenced
Reading texlights from 'C:\Program Files\J.A.C.K\halflife\lights.rad'
0 opaque models
0 opaque faces
1978 faces
Create Patches : 17972 base patches
375071 square feet [54010248.00 square inches]
5 direct lights and 0 fast direct lights
1 light styles

FindFacePositions:
 (0.57 seconds)
BuildFacelights:
 (0.78 seconds)
BuildVisLeafs:
 (1.92 seconds)
visibility matrix   :   8.9 megs
MakeScales:
 (3.10 seconds)
Transfer Lists :    14778395 :    14.78M transfers
       Indices :     1363904 :     1.30M bytes
          Data :    29598904 :    28.23M bytes
Bounce 1 GatherLight:
 (0.08 seconds)
Bounce 2 GatherLight:
 (0.08 seconds)
Bounce 3 GatherLight:
 (0.08 seconds)
Bounce 4 GatherLight:
 (0.08 seconds)
Bounce 5 GatherLight:
 (0.08 seconds)
Bounce 6 GatherLight:
 (0.08 seconds)
Bounce 7 GatherLight:
 (0.09 seconds)
Bounce 8 GatherLight:
 (0.08 seconds)
CreateTriangulations:
 (0.14 seconds)
AddPatchLights:
 (2.06 seconds)
FinalLightFace:
 (0.01 seconds)
9.57 seconds elapsed

-----   END   hlrad -----



