102
260
1
1
1
1
1
1
1
1
1
1
1
1
1
1
1
1
1
1
1
1
1
1
1
1
1
1
1
1
1
1
1
1
1
1
1
1
1
1
1
1
1
1
1
1
1
1
1
1
1
1
1
1
1
1
1
1
1
1
1
1
1
1
1
1
1
1
1
1
1
1
1
1
1
1
1
1
1
1
1
1
1
1
1
1
1
1
1
1
1
1
1
1
1
1
1
1
1
1
1
1
1
1
4 0 2 (-3412.270000 3904.000000 1664.000000) (3060.270000 3904.000000 1664.000000) (3060.270000 3867.470000 1664.000000) (-3412.270000 3867.470000 1664.000000) 
4 0 1 (3060.270000 3904.000000 1664.000000) (3104.000000 3904.000000 1664.000000) (3104.000000 -3803.470000 1664.000000) (3060.270000 -3803.470000 1664.000000) 
4 0 4 (3104.000000 -3803.470000 1664.000000) (3104.000000 -3840.000000 1664.000000) (-3412.270000 -3840.000000 1664.000000) (-3412.270000 -3803.470000 1664.000000) 
4 0 5 (-3456.000000 -3840.000000 1664.000000) (-3456.000000 3904.000000 1664.000000) (-3412.270000 3904.000000 1664.000000) (-3412.270000 -3840.000000 1664.000000) 
4 1 16 (3104.000000 160.000000 288.000000) (3104.000000 -3803.470000 288.000000) (3060.270000 -3803.470000 288.000000) (3060.270000 160.000000 288.000000) 
4 1 6 (3060.270000 3904.000000 288.000000) (3104.000000 3904.000000 288.000000) (3104.000000 160.000000 288.000000) (3060.270000 160.000000 288.000000) 
4 1 2 (3060.270000 3904.000000 1664.000000) (3060.270000 3904.000000 288.000000) (3060.270000 3867.470000 288.000000) (3060.270000 3867.470000 1664.000000) 
4 1 4 (3060.270000 -3803.470000 288.000000) (3104.000000 -3803.470000 288.000000) (3104.000000 -3803.470000 1664.000000) (3060.270000 -3803.470000 1664.000000) 
4 2 38 (-3412.270000 3904.000000 288.000000) (-1920.000000 3904.000000 288.000000) (-1920.000000 3867.470000 288.000000) (-3412.270000 3867.470000 288.000000) 
4 2 27 (-1920.000000 3904.000000 288.000000) (-640.000000 3904.000000 288.000000) (-640.000000 3867.470000 288.000000) (-1920.000000 3867.470000 288.000000) 
4 2 22 (-640.000000 3904.000000 288.000000) (-128.000000 3904.000000 288.000000) (-128.000000 3867.470000 288.000000) (-640.000000 3867.470000 288.000000) 
4 2 10 (-128.000000 3904.000000 288.000000) (1184.000000 3904.000000 288.000000) (1184.000000 3867.470000 288.000000) (-128.000000 3867.470000 288.000000) 
4 2 7 (1184.000000 3904.000000 288.000000) (3060.270000 3904.000000 288.000000) (3060.270000 3867.470000 288.000000) (1184.000000 3867.470000 288.000000) 
4 2 5 (-3412.270000 3904.000000 1664.000000) (-3412.270000 3904.000000 288.000000) (-3412.270000 3867.470000 288.000000) (-3412.270000 3867.470000 1664.000000) 
4 3 98 (-2688.000000 -3803.470000 288.000000) (-3412.270000 -3803.470000 288.000000) (-3412.270000 -3488.000000 288.000000) (-2688.000000 -3488.000000 288.000000) 
4 3 96 (-3412.270000 -3488.000000 288.000000) (-3412.270000 -2944.000000 288.000000) (-3040.000000 -2944.000000 288.000000) (-3040.000000 -3488.000000 288.000000) 
4 3 91 (-640.000000 -3803.470000 288.000000) (-2688.000000 -3803.470000 288.000000) (-2688.000000 -3488.000000 288.000000) (-640.000000 -3488.000000 288.000000) 
4 3 86 (-3412.270000 -2944.000000 288.000000) (-3412.270000 -1856.000000 288.000000) (-3040.000000 -1856.000000 288.000000) (-3040.000000 -2944.000000 288.000000) 
4 3 81 (-3412.270000 -1856.000000 288.000000) (-3412.270000 160.000000 288.000000) (-3040.000000 160.000000 288.000000) (-3040.000000 -1856.000000 288.000000) 
4 3 68 (-3040.000000 2016.000000 288.000000) (-1696.000000 2016.000000 288.000000) (-1696.000000 192.000000 288.000000) (-3040.000000 192.000000 288.000000) 
4 3 70 (-3412.270000 160.000000 288.000000) (-3412.270000 2016.000000 288.000000) (-3040.000000 2016.000000 288.000000) (-3040.000000 160.000000 288.000000) 
4 3 65 (-1696.000000 192.000000 288.000000) (-1696.000000 960.000000 288.000000) (-928.000000 960.000000 288.000000) (-928.000000 192.000000 288.000000) 
4 3 64 (-672.000000 160.000000 288.000000) (-896.000000 160.000000 288.000000) (-896.000000 960.000000 288.000000) (-672.000000 960.000000 288.000000) 
4 3 61 (-1664.000000 960.000000 288.000000) (-1696.000000 960.000000 288.000000) (-1696.000000 1504.000000 288.000000) (-1664.000000 1504.000000 288.000000) 
4 3 60 (-1408.000000 960.000000 288.000000) (-1664.000000 960.000000 288.000000) (-1664.000000 1312.000000 288.000000) (-1408.000000 1312.000000 288.000000) 
4 3 59 (-1376.000000 960.000000 288.000000) (-1408.000000 960.000000 288.000000) (-1408.000000 1280.000000 288.000000) (-1376.000000 1280.000000 288.000000) 
4 3 58 (-928.000000 960.000000 288.000000) (-1376.000000 960.000000 288.000000) (-1376.000000 1280.000000 288.000000) (-928.000000 1280.000000 288.000000) 
4 3 57 (-1408.000000 1280.000000 288.000000) (-1408.000000 1312.000000 288.000000) (-896.000000 1312.000000 288.000000) (-896.000000 1280.000000 288.000000) 
4 3 56 (-1664.000000 1312.000000 288.000000) (-1664.000000 1472.000000 288.000000) (-896.000000 1472.000000 288.000000) (-896.000000 1312.000000 288.000000) 
4 3 55 (-672.000000 960.000000 288.000000) (-896.000000 960.000000 288.000000) (-896.000000 1472.000000 288.000000) (-672.000000 1472.000000 288.000000) 
4 3 54 (-1664.000000 1472.000000 288.000000) (-1664.000000 1504.000000 288.000000) (-672.000000 1504.000000 288.000000) (-672.000000 1472.000000 288.000000) 
4 3 51 (-1696.000000 2016.000000 288.000000) (-672.000000 2016.000000 288.000000) (-672.000000 1504.000000 288.000000) (-1696.000000 1504.000000 288.000000) 
4 3 47 (-128.000000 -3803.470000 288.000000) (-640.000000 -3803.470000 288.000000) (-640.000000 -3488.000000 288.000000) (-128.000000 -3488.000000 288.000000) 
4 3 39 (-3412.270000 2016.000000 288.000000) (-3412.270000 3867.470000 288.000000) (-1920.000000 3867.470000 288.000000) (-1920.000000 2016.000000 288.000000) 
4 3 36 (-672.000000 2016.000000 288.000000) (-1920.000000 2016.000000 288.000000) (-1920.000000 3232.000000 288.000000) (-672.000000 3232.000000 288.000000) 
4 3 32 (-128.000000 3232.000000 288.000000) (-128.000000 2048.000000 288.000000) (-640.000000 2048.000000 288.000000) (-640.000000 3232.000000 288.000000) 
4 3 29 (-640.000000 3680.000000 288.000000) (-640.000000 3264.000000 288.000000) (-1920.000000 3264.000000 288.000000) (-1920.000000 3680.000000 288.000000) 
4 3 28 (-1920.000000 3867.470000 288.000000) (-640.000000 3867.470000 288.000000) (-640.000000 3712.000000 288.000000) (-1920.000000 3712.000000 288.000000) 
4 3 24 (-128.000000 3680.000000 288.000000) (-128.000000 3232.000000 288.000000) (-640.000000 3232.000000 288.000000) (-640.000000 3680.000000 288.000000) 
4 3 23 (-640.000000 3867.470000 288.000000) (-128.000000 3867.470000 288.000000) (-128.000000 3712.000000 288.000000) (-640.000000 3712.000000 288.000000) 
4 3 19 (3060.270000 -3488.000000 288.000000) (3060.270000 -3803.470000 288.000000) (-128.000000 -3803.470000 288.000000) (-128.000000 -3488.000000 288.000000) 
4 3 17 (3060.270000 160.000000 288.000000) (3060.270000 -3488.000000 288.000000) (-96.000000 -3488.000000 288.000000) (-96.000000 160.000000 288.000000) 
4 3 13 (-128.000000 192.000000 288.000000) (-128.000000 448.000000 288.000000) (1152.000000 448.000000 288.000000) (1152.000000 192.000000 288.000000) 
4 3 12 (-128.000000 3712.000000 288.000000) (-128.000000 3867.470000 288.000000) (-96.000000 3867.470000 288.000000) (-96.000000 3712.000000 288.000000) 
4 3 11 (-96.000000 3867.470000 288.000000) (1184.000000 3867.470000 288.000000) (1184.000000 480.000000 288.000000) (-96.000000 480.000000 288.000000) 
4 3 8 (3060.270000 3867.470000 288.000000) (3060.270000 160.000000 288.000000) (1184.000000 160.000000 288.000000) (1184.000000 3867.470000 288.000000) 
4 4 99 (-2688.000000 -3840.000000 288.000000) (-3412.270000 -3840.000000 288.000000) (-3412.270000 -3803.470000 288.000000) (-2688.000000 -3803.470000 288.000000) 
4 4 93 (-640.000000 -3840.000000 288.000000) (-2688.000000 -3840.000000 288.000000) (-2688.000000 -3803.470000 288.000000) (-640.000000 -3803.470000 288.000000) 
4 4 49 (-128.000000 -3840.000000 288.000000) (-640.000000 -3840.000000 288.000000) (-640.000000 -3803.470000 288.000000) (-128.000000 -3803.470000 288.000000) 
4 4 20 (3060.270000 -3840.000000 288.000000) (-128.000000 -3840.000000 288.000000) (-128.000000 -3803.470000 288.000000) (3060.270000 -3803.470000 288.000000) 
4 4 16 (3104.000000 -3803.470000 288.000000) (3104.000000 -3840.000000 288.000000) (3060.270000 -3840.000000 288.000000) (3060.270000 -3803.470000 288.000000) 
4 4 5 (-3412.270000 -3803.470000 288.000000) (-3412.270000 -3840.000000 288.000000) (-3412.270000 -3840.000000 1664.000000) (-3412.270000 -3803.470000 1664.000000) 
4 5 100 (-3456.000000 -3840.000000 288.000000) (-3456.000000 -2944.000000 288.000000) (-3412.270000 -2944.000000 288.000000) (-3412.270000 -3840.000000 288.000000) 
4 5 88 (-3456.000000 -2944.000000 288.000000) (-3456.000000 -1856.000000 288.000000) (-3412.270000 -1856.000000 288.000000) (-3412.270000 -2944.000000 288.000000) 
4 5 83 (-3456.000000 -1856.000000 288.000000) (-3456.000000 160.000000 288.000000) (-3412.270000 160.000000 288.000000) (-3412.270000 -1856.000000 288.000000) 
4 5 71 (-3456.000000 160.000000 288.000000) (-3456.000000 2016.000000 288.000000) (-3412.270000 2016.000000 288.000000) (-3412.270000 160.000000 288.000000) 
4 5 41 (-3456.000000 2016.000000 288.000000) (-3456.000000 3867.470000 288.000000) (-3412.270000 3867.470000 288.000000) (-3412.270000 2016.000000 288.000000) 
4 5 38 (-3456.000000 3867.470000 288.000000) (-3456.000000 3904.000000 288.000000) (-3412.270000 3904.000000 288.000000) (-3412.270000 3867.470000 288.000000) 
4 6 16 (3104.000000 160.000000 -1344.000000) (3104.000000 160.000000 288.000000) (3060.270000 160.000000 288.000000) (3060.270000 160.000000 -1344.000000) 
4 6 9 (3104.000000 3904.000000 -1344.000000) (3104.000000 160.000000 -1344.000000) (3060.270000 160.000000 -1344.000000) (3060.270000 3904.000000 -1344.000000) 
4 6 7 (3060.270000 3904.000000 288.000000) (3060.270000 3904.000000 -1344.000000) (3060.270000 3867.470000 -1344.000000) (3060.270000 3867.470000 288.000000) 
4 7 10 (1184.000000 3867.470000 288.000000) (1184.000000 3904.000000 288.000000) (1184.000000 3904.000000 -1344.000000) (1184.000000 3867.470000 -1344.000000) 
4 7 9 (1184.000000 3867.470000 -1344.000000) (1184.000000 3904.000000 -1344.000000) (3060.270000 3904.000000 -1344.000000) (3060.270000 3867.470000 -1344.000000) 
4 8 17 (3060.270000 160.000000 288.000000) (1184.000000 160.000000 288.000000) (1184.000000 160.000000 -32.000000) (3060.270000 160.000000 -32.000000) 
4 8 18 (1184.000000 160.000000 -32.000000) (1184.000000 160.000000 -1344.000000) (3060.270000 160.000000 -1344.000000) (3060.270000 160.000000 -32.000000) 
4 8 11 (1184.000000 480.000000 288.000000) (1184.000000 3867.470000 288.000000) (1184.000000 3867.470000 -32.000000) (1184.000000 480.000000 -32.000000) 
4 8 14 (1184.000000 3867.470000 -32.000000) (1184.000000 3867.470000 -1344.000000) (1184.000000 160.000000 -1344.000000) (1184.000000 160.000000 -32.000000) 
4 9 21 (3104.000000 160.000000 -1376.000000) (3104.000000 160.000000 -1344.000000) (1184.000000 160.000000 -1344.000000) (1184.000000 160.000000 -1376.000000) 
4 9 15 (1184.000000 3904.000000 -1344.000000) (1184.000000 3904.000000 -1376.000000) (1184.000000 160.000000 -1376.000000) (1184.000000 160.000000 -1344.000000) 
4 10 22 (-128.000000 3867.470000 288.000000) (-128.000000 3904.000000 288.000000) (-128.000000 3904.000000 -1344.000000) (-128.000000 3867.470000 -1344.000000) 
4 10 15 (1184.000000 3904.000000 -1344.000000) (1184.000000 3867.470000 -1344.000000) (-128.000000 3867.470000 -1344.000000) (-128.000000 3904.000000 -1344.000000) 
4 11 12 (-96.000000 3867.470000 -32.000000) (-96.000000 3712.000000 -32.000000) (-96.000000 3712.000000 288.000000) (-96.000000 3867.470000 288.000000) 
4 11 14 (1184.000000 3867.470000 -32.000000) (1184.000000 480.000000 -32.000000) (-96.000000 480.000000 -32.000000) (-96.000000 3867.470000 -32.000000) 
4 12 23 (-128.000000 3712.000000 288.000000) (-128.000000 3867.470000 288.000000) (-128.000000 3867.470000 -32.000000) (-128.000000 3712.000000 -32.000000) 
4 12 14 (-128.000000 3712.000000 -32.000000) (-128.000000 3867.470000 -32.000000) (-96.000000 3867.470000 -32.000000) (-96.000000 3712.000000 -32.000000) 
4 13 42 (-128.000000 448.000000 256.000000) (-128.000000 448.000000 0.000000) (-128.000000 192.000000 0.000000) (-128.000000 192.000000 256.000000) 
4 14 43 (-128.000000 2016.000000 -1344.000000) (-128.000000 160.000000 -1344.000000) (-128.000000 160.000000 -32.000000) (-128.000000 2016.000000 -32.000000) 
4 14 34 (-128.000000 3232.000000 -1344.000000) (-128.000000 2016.000000 -1344.000000) (-128.000000 2016.000000 -32.000000) (-128.000000 3232.000000 -32.000000) 
4 14 25 (-128.000000 3867.470000 -32.000000) (-128.000000 3867.470000 -1344.000000) (-128.000000 3232.000000 -1344.000000) (-128.000000 3232.000000 -32.000000) 
4 14 18 (1184.000000 160.000000 -1344.000000) (1184.000000 160.000000 -32.000000) (-128.000000 160.000000 -32.000000) (-128.000000 160.000000 -1344.000000) 
4 15 44 (-128.000000 2016.000000 -1376.000000) (-128.000000 160.000000 -1376.000000) (-128.000000 160.000000 -1344.000000) (-128.000000 2016.000000 -1344.000000) 
4 15 35 (-128.000000 3232.000000 -1376.000000) (-128.000000 2016.000000 -1376.000000) (-128.000000 2016.000000 -1344.000000) (-128.000000 3232.000000 -1344.000000) 
4 15 26 (-128.000000 3904.000000 -1344.000000) (-128.000000 3904.000000 -1376.000000) (-128.000000 3232.000000 -1376.000000) (-128.000000 3232.000000 -1344.000000) 
4 15 21 (1184.000000 160.000000 -1376.000000) (1184.000000 160.000000 -1344.000000) (-128.000000 160.000000 -1344.000000) (-128.000000 160.000000 -1376.000000) 
4 16 20 (3060.270000 -3803.470000 -1344.000000) (3060.270000 -3840.000000 -1344.000000) (3060.270000 -3840.000000 288.000000) (3060.270000 -3803.470000 288.000000) 
4 16 21 (3060.270000 160.000000 -1344.000000) (3104.000000 160.000000 -1344.000000) (3104.000000 -3840.000000 -1344.000000) (3060.270000 -3840.000000 -1344.000000) 
4 17 19 (3060.270000 -3488.000000 -32.000000) (3060.270000 -3488.000000 288.000000) (-96.000000 -3488.000000 288.000000) (-96.000000 -3488.000000 -32.000000) 
4 17 18 (-96.000000 160.000000 -32.000000) (3060.270000 160.000000 -32.000000) (3060.270000 -3488.000000 -32.000000) (-96.000000 -3488.000000 -32.000000) 
4 18 48 (-128.000000 -1344.000000 -1344.000000) (-128.000000 -3488.000000 -1344.000000) (-128.000000 -3488.000000 -32.000000) (-128.000000 -1344.000000 -32.000000) 
4 18 43 (-128.000000 160.000000 -32.000000) (-128.000000 160.000000 -1344.000000) (-128.000000 -1344.000000 -1344.000000) (-128.000000 -1344.000000 -32.000000) 
4 18 19 (-128.000000 -3488.000000 -1344.000000) (3060.270000 -3488.000000 -1344.000000) (3060.270000 -3488.000000 -32.000000) (-128.000000 -3488.000000 -32.000000) 
4 19 47 (-128.000000 -3803.470000 288.000000) (-128.000000 -3488.000000 288.000000) (-128.000000 -3488.000000 -32.000000) (-128.000000 -3803.470000 -32.000000) 
4 19 48 (-128.000000 -3488.000000 -32.000000) (-128.000000 -3488.000000 -1344.000000) (-128.000000 -3803.470000 -1344.000000) (-128.000000 -3803.470000 -32.000000) 
4 20 49 (-128.000000 -3840.000000 288.000000) (-128.000000 -3803.470000 288.000000) (-128.000000 -3803.470000 -1344.000000) (-128.000000 -3840.000000 -1344.000000) 
4 20 21 (-128.000000 -3840.000000 -1344.000000) (-128.000000 -3803.470000 -1344.000000) (3060.270000 -3803.470000 -1344.000000) (3060.270000 -3840.000000 -1344.000000) 
4 21 50 (-128.000000 -1344.000000 -1376.000000) (-128.000000 -3840.000000 -1376.000000) (-128.000000 -3840.000000 -1344.000000) (-128.000000 -1344.000000 -1344.000000) 
4 21 44 (-128.000000 160.000000 -1344.000000) (-128.000000 160.000000 -1376.000000) (-128.000000 -1344.000000 -1376.000000) (-128.000000 -1344.000000 -1344.000000) 
4 22 27 (-640.000000 3867.470000 288.000000) (-640.000000 3904.000000 288.000000) (-640.000000 3904.000000 -1344.000000) (-640.000000 3867.470000 -1344.000000) 
4 22 26 (-640.000000 3867.470000 -1344.000000) (-640.000000 3904.000000 -1344.000000) (-128.000000 3904.000000 -1344.000000) (-128.000000 3867.470000 -1344.000000) 
4 23 28 (-640.000000 3712.000000 288.000000) (-640.000000 3867.470000 288.000000) (-640.000000 3867.470000 -32.000000) (-640.000000 3712.000000 -32.000000) 
4 23 25 (-640.000000 3712.000000 -32.000000) (-640.000000 3867.470000 -32.000000) (-128.000000 3867.470000 -32.000000) (-128.000000 3712.000000 -32.000000) 
4 24 32 (-128.000000 3232.000000 0.000000) (-128.000000 3232.000000 288.000000) (-640.000000 3232.000000 288.000000) (-640.000000 3232.000000 0.000000) 
4 24 29 (-640.000000 3264.000000 288.000000) (-640.000000 3680.000000 288.000000) (-640.000000 3680.000000 0.000000) (-640.000000 3264.000000 0.000000) 
4 25 34 (-128.000000 3232.000000 -1344.000000) (-128.000000 3232.000000 -32.000000) (-640.000000 3232.000000 -32.000000) (-640.000000 3232.000000 -1344.000000) 
4 25 30 (-640.000000 3867.470000 -32.000000) (-640.000000 3867.470000 -1344.000000) (-640.000000 3232.000000 -1344.000000) (-640.000000 3232.000000 -32.000000) 
4 26 35 (-128.000000 3232.000000 -1376.000000) (-128.000000 3232.000000 -1344.000000) (-640.000000 3232.000000 -1344.000000) (-640.000000 3232.000000 -1376.000000) 
4 26 31 (-640.000000 3904.000000 -1344.000000) (-640.000000 3904.000000 -1376.000000) (-640.000000 3232.000000 -1376.000000) (-640.000000 3232.000000 -1344.000000) 
4 27 38 (-1920.000000 3867.470000 288.000000) (-1920.000000 3904.000000 288.000000) (-1920.000000 3904.000000 -1344.000000) (-1920.000000 3867.470000 -1344.000000) 
4 27 31 (-640.000000 3904.000000 -1344.000000) (-640.000000 3867.470000 -1344.000000) (-1920.000000 3867.470000 -1344.000000) (-1920.000000 3904.000000 -1344.000000) 
4 28 39 (-1920.000000 3712.000000 288.000000) (-1920.000000 3867.470000 288.000000) (-1920.000000 3867.470000 -32.000000) (-1920.000000 3712.000000 -32.000000) 
4 28 30 (-640.000000 3867.470000 -32.000000) (-640.000000 3712.000000 -32.000000) (-1920.000000 3712.000000 -32.000000) (-1920.000000 3867.470000 -32.000000) 
4 29 39 (-1920.000000 3264.000000 288.000000) (-1920.000000 3680.000000 288.000000) (-1920.000000 3680.000000 0.000000) (-1920.000000 3264.000000 0.000000) 
4 30 39 (-1920.000000 3867.470000 -32.000000) (-1920.000000 3867.470000 -1344.000000) (-1920.000000 3232.000000 -1344.000000) (-1920.000000 3232.000000 -32.000000) 
4 30 36 (-672.000000 3232.000000 -32.000000) (-1920.000000 3232.000000 -32.000000) (-1920.000000 3232.000000 -1344.000000) (-672.000000 3232.000000 -1344.000000) 
4 30 34 (-640.000000 3232.000000 -1344.000000) (-640.000000 3232.000000 -32.000000) (-672.000000 3232.000000 -32.000000) (-672.000000 3232.000000 -1344.000000) 
4 31 40 (-1920.000000 3867.470000 -1376.000000) (-1920.000000 3232.000000 -1376.000000) (-1920.000000 3232.000000 -1344.000000) (-1920.000000 3867.470000 -1344.000000) 
4 31 38 (-1920.000000 3904.000000 -1344.000000) (-1920.000000 3904.000000 -1376.000000) (-1920.000000 3867.470000 -1376.000000) (-1920.000000 3867.470000 -1344.000000) 
4 31 37 (-672.000000 3232.000000 -1344.000000) (-1920.000000 3232.000000 -1344.000000) (-1920.000000 3232.000000 -1376.000000) (-672.000000 3232.000000 -1376.000000) 
4 31 35 (-640.000000 3232.000000 -1376.000000) (-640.000000 3232.000000 -1344.000000) (-672.000000 3232.000000 -1344.000000) (-672.000000 3232.000000 -1376.000000) 
4 32 33 (-576.000000 2048.000000 224.000000) (-576.000000 2048.000000 32.000000) (-192.000000 2048.000000 32.000000) (-192.000000 2048.000000 224.000000) 
4 33 42 (-576.000000 2016.000000 224.000000) (-576.000000 2016.000000 32.000000) (-192.000000 2016.000000 32.000000) (-192.000000 2016.000000 224.000000) 
4 34 52 (-640.000000 2016.000000 -32.000000) (-672.000000 2016.000000 -32.000000) (-672.000000 2016.000000 -1344.000000) (-640.000000 2016.000000 -1344.000000) 
4 34 43 (-128.000000 2016.000000 -1344.000000) (-128.000000 2016.000000 -32.000000) (-640.000000 2016.000000 -32.000000) (-640.000000 2016.000000 -1344.000000) 
4 34 36 (-672.000000 3232.000000 -32.000000) (-672.000000 3232.000000 -1344.000000) (-672.000000 2016.000000 -1344.000000) (-672.000000 2016.000000 -32.000000) 
4 35 53 (-640.000000 2016.000000 -1344.000000) (-672.000000 2016.000000 -1344.000000) (-672.000000 2016.000000 -1376.000000) (-640.000000 2016.000000 -1376.000000) 
4 35 44 (-128.000000 2016.000000 -1376.000000) (-128.000000 2016.000000 -1344.000000) (-640.000000 2016.000000 -1344.000000) (-640.000000 2016.000000 -1376.000000) 
4 35 37 (-672.000000 3232.000000 -1344.000000) (-672.000000 3232.000000 -1376.000000) (-672.000000 2016.000000 -1376.000000) (-672.000000 2016.000000 -1344.000000) 
4 36 68 (-1696.000000 2016.000000 288.000000) (-1920.000000 2016.000000 288.000000) (-1920.000000 2016.000000 -1344.000000) (-1696.000000 2016.000000 -1344.000000) 
4 36 52 (-672.000000 2016.000000 -1344.000000) (-672.000000 2016.000000 -32.000000) (-1696.000000 2016.000000 -32.000000) (-1696.000000 2016.000000 -1344.000000) 
4 36 51 (-672.000000 2016.000000 -32.000000) (-672.000000 2016.000000 288.000000) (-1696.000000 2016.000000 288.000000) (-1696.000000 2016.000000 -32.000000) 
4 36 39 (-1920.000000 2016.000000 288.000000) (-1920.000000 3232.000000 288.000000) (-1920.000000 3232.000000 -1344.000000) (-1920.000000 2016.000000 -1344.000000) 
4 37 72 (-1696.000000 2016.000000 -1344.000000) (-1920.000000 2016.000000 -1344.000000) (-1920.000000 2016.000000 -1376.000000) (-1696.000000 2016.000000 -1376.000000) 
4 37 53 (-672.000000 2016.000000 -1376.000000) (-672.000000 2016.000000 -1344.000000) (-1696.000000 2016.000000 -1344.000000) (-1696.000000 2016.000000 -1376.000000) 
4 37 40 (-1920.000000 3232.000000 -1344.000000) (-1920.000000 3232.000000 -1376.000000) (-1920.000000 2016.000000 -1376.000000) (-1920.000000 2016.000000 -1344.000000) 
4 38 40 (-3412.270000 3867.470000 -1376.000000) (-1920.000000 3867.470000 -1376.000000) (-1920.000000 3867.470000 -1344.000000) (-3412.270000 3867.470000 -1344.000000) 
4 38 41 (-3456.000000 3867.470000 -1376.000000) (-3412.270000 3867.470000 -1376.000000) (-3412.270000 3867.470000 288.000000) (-3456.000000 3867.470000 288.000000) 
4 39 68 (-1920.000000 2016.000000 -1344.000000) (-1920.000000 2016.000000 288.000000) (-3040.000000 2016.000000 288.000000) (-3040.000000 2016.000000 -1344.000000) 
4 39 70 (-3040.000000 2016.000000 288.000000) (-3412.270000 2016.000000 288.000000) (-3412.270000 2016.000000 -1344.000000) (-3040.000000 2016.000000 -1344.000000) 
4 40 72 (-3412.270000 2016.000000 -1376.000000) (-1920.000000 2016.000000 -1376.000000) (-1920.000000 2016.000000 -1344.000000) (-3412.270000 2016.000000 -1344.000000) 
4 40 41 (-3412.270000 3867.470000 -1344.000000) (-3412.270000 3867.470000 -1376.000000) (-3412.270000 2016.000000 -1376.000000) (-3412.270000 2016.000000 -1344.000000) 
4 41 71 (-3412.270000 2016.000000 -1344.000000) (-3412.270000 2016.000000 288.000000) (-3456.000000 2016.000000 288.000000) (-3456.000000 2016.000000 -1344.000000) 
4 41 72 (-3456.000000 2016.000000 -1376.000000) (-3412.270000 2016.000000 -1376.000000) (-3412.270000 2016.000000 -1344.000000) (-3456.000000 2016.000000 -1344.000000) 
4 42 45 (-576.000000 -1344.000000 224.000000) (-576.000000 -1344.000000 32.000000) (-192.000000 -1344.000000 32.000000) (-192.000000 -1344.000000 224.000000) 
4 43 74 (-640.000000 160.000000 -1344.000000) (-640.000000 -1344.000000 -1344.000000) (-640.000000 -1344.000000 -32.000000) (-640.000000 160.000000 -32.000000) 
4 43 66 (-640.000000 960.000000 -1344.000000) (-640.000000 160.000000 -1344.000000) (-640.000000 160.000000 -32.000000) (-640.000000 960.000000 -32.000000) 
4 43 62 (-640.000000 1504.000000 -1344.000000) (-640.000000 960.000000 -1344.000000) (-640.000000 960.000000 -32.000000) (-640.000000 1504.000000 -32.000000) 
4 43 52 (-640.000000 2016.000000 -32.000000) (-640.000000 2016.000000 -1344.000000) (-640.000000 1504.000000 -1344.000000) (-640.000000 1504.000000 -32.000000) 
4 43 48 (-128.000000 -1344.000000 -1344.000000) (-128.000000 -1344.000000 -32.000000) (-640.000000 -1344.000000 -32.000000) (-640.000000 -1344.000000 -1344.000000) 
4 44 75 (-640.000000 160.000000 -1376.000000) (-640.000000 -1344.000000 -1376.000000) (-640.000000 -1344.000000 -1344.000000) (-640.000000 160.000000 -1344.000000) 
4 44 67 (-640.000000 960.000000 -1376.000000) (-640.000000 160.000000 -1376.000000) (-640.000000 160.000000 -1344.000000) (-640.000000 960.000000 -1344.000000) 
4 44 63 (-640.000000 1504.000000 -1376.000000) (-640.000000 960.000000 -1376.000000) (-640.000000 960.000000 -1344.000000) (-640.000000 1504.000000 -1344.000000) 
4 44 53 (-640.000000 2016.000000 -1344.000000) (-640.000000 2016.000000 -1376.000000) (-640.000000 1504.000000 -1376.000000) (-640.000000 1504.000000 -1344.000000) 
4 44 50 (-128.000000 -1344.000000 -1376.000000) (-128.000000 -1344.000000 -1344.000000) (-640.000000 -1344.000000 -1344.000000) (-640.000000 -1344.000000 -1376.000000) 
4 45 46 (-576.000000 -1376.000000 32.000000) (-192.000000 -1376.000000 32.000000) (-192.000000 -1376.000000 224.000000) (-576.000000 -1376.000000 224.000000) 
4 46 90 (-640.000000 -2976.000000 0.000000) (-640.000000 -3456.000000 0.000000) (-640.000000 -3456.000000 256.000000) (-640.000000 -2976.000000 256.000000) 
4 47 91 (-640.000000 -3803.470000 288.000000) (-640.000000 -3488.000000 288.000000) (-640.000000 -3488.000000 -32.000000) (-640.000000 -3803.470000 -32.000000) 
4 47 48 (-640.000000 -3803.470000 -32.000000) (-640.000000 -3488.000000 -32.000000) (-128.000000 -3488.000000 -32.000000) (-128.000000 -3803.470000 -32.000000) 
4 48 92 (-640.000000 -2944.000000 -1344.000000) (-640.000000 -3803.470000 -1344.000000) (-640.000000 -3803.470000 -32.000000) (-640.000000 -2944.000000 -32.000000) 
4 48 78 (-640.000000 -1600.000000 -1344.000000) (-640.000000 -2944.000000 -1344.000000) (-640.000000 -2944.000000 -32.000000) (-640.000000 -1600.000000 -32.000000) 
4 48 74 (-640.000000 -1344.000000 -32.000000) (-640.000000 -1344.000000 -1344.000000) (-640.000000 -1600.000000 -1344.000000) (-640.000000 -1600.000000 -32.000000) 
4 49 93 (-640.000000 -3840.000000 -1344.000000) (-640.000000 -3840.000000 288.000000) (-640.000000 -3803.470000 288.000000) (-640.000000 -3803.470000 -1344.000000) 
4 49 50 (-640.000000 -3840.000000 -1344.000000) (-640.000000 -3803.470000 -1344.000000) (-128.000000 -3803.470000 -1344.000000) (-128.000000 -3840.000000 -1344.000000) 
4 50 94 (-640.000000 -3840.000000 -1376.000000) (-640.000000 -3840.000000 -1344.000000) (-640.000000 -2944.000000 -1344.000000) (-640.000000 -2944.000000 -1376.000000) 
4 50 79 (-640.000000 -2944.000000 -1344.000000) (-640.000000 -1600.000000 -1344.000000) (-640.000000 -1600.000000 -1376.000000) (-640.000000 -2944.000000 -1376.000000) 
4 50 75 (-640.000000 -1600.000000 -1344.000000) (-640.000000 -1344.000000 -1344.000000) (-640.000000 -1344.000000 -1376.000000) (-640.000000 -1600.000000 -1376.000000) 
4 51 68 (-1696.000000 2016.000000 288.000000) (-1696.000000 2016.000000 -32.000000) (-1696.000000 1504.000000 -32.000000) (-1696.000000 1504.000000 288.000000) 
4 51 61 (-1664.000000 1504.000000 288.000000) (-1696.000000 1504.000000 288.000000) (-1696.000000 1504.000000 256.000000) (-1664.000000 1504.000000 256.000000) 
4 51 54 (-672.000000 1504.000000 288.000000) (-1664.000000 1504.000000 288.000000) (-1664.000000 1504.000000 256.000000) (-672.000000 1504.000000 256.000000) 
4 51 52 (-672.000000 1504.000000 -32.000000) (-1696.000000 1504.000000 -32.000000) (-1696.000000 2016.000000 -32.000000) (-672.000000 2016.000000 -32.000000) 
4 52 68 (-1696.000000 2016.000000 -32.000000) (-1696.000000 2016.000000 -1344.000000) (-1696.000000 1504.000000 -1344.000000) (-1696.000000 1504.000000 -32.000000) 
4 52 62 (-640.000000 1504.000000 -1344.000000) (-640.000000 1504.000000 -32.000000) (-1696.000000 1504.000000 -32.000000) (-1696.000000 1504.000000 -1344.000000) 
4 53 72 (-1696.000000 2016.000000 -1344.000000) (-1696.000000 2016.000000 -1376.000000) (-1696.000000 1504.000000 -1376.000000) (-1696.000000 1504.000000 -1344.000000) 
4 53 63 (-640.000000 1504.000000 -1376.000000) (-640.000000 1504.000000 -1344.000000) (-1696.000000 1504.000000 -1344.000000) (-1696.000000 1504.000000 -1376.000000) 
4 54 61 (-1664.000000 1472.000000 256.000000) (-1664.000000 1472.000000 288.000000) (-1664.000000 1504.000000 288.000000) (-1664.000000 1504.000000 256.000000) 
4 54 56 (-896.000000 1472.000000 288.000000) (-1664.000000 1472.000000 288.000000) (-1664.000000 1472.000000 256.000000) (-896.000000 1472.000000 256.000000) 
4 54 55 (-672.000000 1472.000000 256.000000) (-672.000000 1472.000000 288.000000) (-896.000000 1472.000000 288.000000) (-896.000000 1472.000000 256.000000) 
4 55 64 (-672.000000 960.000000 0.000000) (-672.000000 960.000000 288.000000) (-896.000000 960.000000 288.000000) (-896.000000 960.000000 0.000000) 
4 55 57 (-896.000000 1280.000000 256.000000) (-896.000000 1280.000000 288.000000) (-896.000000 1312.000000 288.000000) (-896.000000 1312.000000 256.000000) 
4 55 56 (-896.000000 1472.000000 288.000000) (-896.000000 1472.000000 0.000000) (-896.000000 1312.000000 0.000000) (-896.000000 1312.000000 288.000000) 
4 56 61 (-1664.000000 1312.000000 256.000000) (-1664.000000 1312.000000 288.000000) (-1664.000000 1472.000000 288.000000) (-1664.000000 1472.000000 256.000000) 
4 56 60 (-1408.000000 1312.000000 288.000000) (-1664.000000 1312.000000 288.000000) (-1664.000000 1312.000000 0.000000) (-1408.000000 1312.000000 0.000000) 
4 56 57 (-896.000000 1312.000000 256.000000) (-896.000000 1312.000000 288.000000) (-1408.000000 1312.000000 288.000000) (-1408.000000 1312.000000 256.000000) 
4 57 60 (-1408.000000 1312.000000 288.000000) (-1408.000000 1312.000000 256.000000) (-1408.000000 1280.000000 256.000000) (-1408.000000 1280.000000 288.000000) 
4 57 59 (-1376.000000 1280.000000 288.000000) (-1408.000000 1280.000000 288.000000) (-1408.000000 1280.000000 256.000000) (-1376.000000 1280.000000 256.000000) 
4 57 58 (-928.000000 1280.000000 288.000000) (-1376.000000 1280.000000 288.000000) (-1376.000000 1280.000000 256.000000) (-928.000000 1280.000000 256.000000) 
4 58 65 (-1376.000000 960.000000 -32.000000) (-928.000000 960.000000 -32.000000) (-928.000000 960.000000 288.000000) (-1376.000000 960.000000 288.000000) 
4 58 62 (-928.000000 960.000000 -32.000000) (-1376.000000 960.000000 -32.000000) (-1376.000000 1280.000000 -32.000000) (-928.000000 1280.000000 -32.000000) 
4 58 59 (-1376.000000 1280.000000 288.000000) (-1376.000000 1280.000000 256.000000) (-1376.000000 960.000000 256.000000) (-1376.000000 960.000000 288.000000) 
4 59 65 (-1376.000000 960.000000 256.000000) (-1376.000000 960.000000 288.000000) (-1408.000000 960.000000 288.000000) (-1408.000000 960.000000 256.000000) 
4 59 60 (-1408.000000 960.000000 256.000000) (-1408.000000 960.000000 288.000000) (-1408.000000 1280.000000 288.000000) (-1408.000000 1280.000000 256.000000) 
4 60 65 (-1408.000000 960.000000 0.000000) (-1408.000000 960.000000 288.000000) (-1664.000000 960.000000 288.000000) (-1664.000000 960.000000 0.000000) 
4 60 61 (-1664.000000 960.000000 256.000000) (-1664.000000 960.000000 288.000000) (-1664.000000 1312.000000 288.000000) (-1664.000000 1312.000000 256.000000) 
4 61 68 (-1696.000000 960.000000 256.000000) (-1696.000000 960.000000 288.000000) (-1696.000000 1504.000000 288.000000) (-1696.000000 1504.000000 256.000000) 
4 61 65 (-1696.000000 960.000000 288.000000) (-1696.000000 960.000000 256.000000) (-1664.000000 960.000000 256.000000) (-1664.000000 960.000000 288.000000) 
4 62 68 (-1696.000000 960.000000 -1344.000000) (-1696.000000 960.000000 -32.000000) (-1696.000000 1504.000000 -32.000000) (-1696.000000 1504.000000 -1344.000000) 
4 62 66 (-1696.000000 960.000000 -32.000000) (-1696.000000 960.000000 -1344.000000) (-640.000000 960.000000 -1344.000000) (-640.000000 960.000000 -32.000000) 
4 63 72 (-1696.000000 960.000000 -1376.000000) (-1696.000000 960.000000 -1344.000000) (-1696.000000 1504.000000 -1344.000000) (-1696.000000 1504.000000 -1376.000000) 
4 63 67 (-1696.000000 960.000000 -1344.000000) (-1696.000000 960.000000 -1376.000000) (-640.000000 960.000000 -1376.000000) (-640.000000 960.000000 -1344.000000) 
4 64 73 (-896.000000 160.000000 256.000000) (-896.000000 160.000000 0.000000) (-672.000000 160.000000 0.000000) (-672.000000 160.000000 256.000000) 
4 65 68 (-1696.000000 192.000000 288.000000) (-1696.000000 960.000000 288.000000) (-1696.000000 960.000000 -32.000000) (-1696.000000 192.000000 -32.000000) 
4 65 66 (-1696.000000 192.000000 -32.000000) (-1696.000000 960.000000 -32.000000) (-928.000000 960.000000 -32.000000) (-928.000000 192.000000 -32.000000) 
4 66 74 (-640.000000 160.000000 -1344.000000) (-640.000000 160.000000 -32.000000) (-1696.000000 160.000000 -32.000000) (-1696.000000 160.000000 -1344.000000) 
4 66 69 (-1696.000000 160.000000 -1344.000000) (-1696.000000 160.000000 -32.000000) (-1696.000000 192.000000 -32.000000) (-1696.000000 192.000000 -1344.000000) 
4 66 68 (-1696.000000 192.000000 -32.000000) (-1696.000000 960.000000 -32.000000) (-1696.000000 960.000000 -1344.000000) (-1696.000000 192.000000 -1344.000000) 
4 67 75 (-640.000000 160.000000 -1376.000000) (-640.000000 160.000000 -1344.000000) (-1696.000000 160.000000 -1344.000000) (-1696.000000 160.000000 -1376.000000) 
4 67 72 (-1696.000000 160.000000 -1376.000000) (-1696.000000 160.000000 -1344.000000) (-1696.000000 960.000000 -1344.000000) (-1696.000000 960.000000 -1376.000000) 
4 68 69 (-3040.000000 192.000000 -1344.000000) (-1696.000000 192.000000 -1344.000000) (-1696.000000 192.000000 -32.000000) (-3040.000000 192.000000 -32.000000) 
4 68 70 (-3040.000000 2016.000000 -1344.000000) (-3040.000000 192.000000 -1344.000000) (-3040.000000 192.000000 288.000000) (-3040.000000 2016.000000 288.000000) 
4 69 82 (-1920.000000 160.000000 -32.000000) (-3040.000000 160.000000 -32.000000) (-3040.000000 160.000000 -1344.000000) (-1920.000000 160.000000 -1344.000000) 
4 69 74 (-1696.000000 160.000000 -1344.000000) (-1696.000000 160.000000 -32.000000) (-1920.000000 160.000000 -32.000000) (-1920.000000 160.000000 -1344.000000) 
4 69 70 (-3040.000000 192.000000 -1344.000000) (-3040.000000 160.000000 -1344.000000) (-3040.000000 160.000000 -32.000000) (-3040.000000 192.000000 -32.000000) 
4 70 81 (-3040.000000 160.000000 288.000000) (-3412.270000 160.000000 288.000000) (-3412.270000 160.000000 -32.000000) (-3040.000000 160.000000 -32.000000) 
4 70 82 (-3412.270000 160.000000 -32.000000) (-3412.270000 160.000000 -1344.000000) (-3040.000000 160.000000 -1344.000000) (-3040.000000 160.000000 -32.000000) 
4 71 83 (-3412.270000 160.000000 288.000000) (-3456.000000 160.000000 288.000000) (-3456.000000 160.000000 -1344.000000) (-3412.270000 160.000000 -1344.000000) 
4 71 72 (-3456.000000 2016.000000 -1344.000000) (-3412.270000 2016.000000 -1344.000000) (-3412.270000 160.000000 -1344.000000) (-3456.000000 160.000000 -1344.000000) 
4 72 84 (-3456.000000 160.000000 -1376.000000) (-1920.000000 160.000000 -1376.000000) (-1920.000000 160.000000 -1344.000000) (-3456.000000 160.000000 -1344.000000) 
4 72 75 (-1920.000000 160.000000 -1376.000000) (-1696.000000 160.000000 -1376.000000) (-1696.000000 160.000000 -1344.000000) (-1920.000000 160.000000 -1344.000000) 
4 73 80 (-1920.000000 -1600.000000 0.000000) (-1920.000000 -1600.000000 256.000000) (-1920.000000 160.000000 256.000000) (-1920.000000 160.000000 0.000000) 
4 73 77 (-1632.000000 -1600.000000 256.000000) (-1920.000000 -1600.000000 256.000000) (-1920.000000 -1600.000000 0.000000) (-1632.000000 -1600.000000 0.000000) 
4 74 82 (-1920.000000 -1600.000000 -1344.000000) (-1920.000000 -1600.000000 -32.000000) (-1920.000000 160.000000 -32.000000) (-1920.000000 160.000000 -1344.000000) 
4 74 78 (-640.000000 -1600.000000 -1344.000000) (-640.000000 -1600.000000 -32.000000) (-1920.000000 -1600.000000 -32.000000) (-1920.000000 -1600.000000 -1344.000000) 
4 75 84 (-1920.000000 -1600.000000 -1376.000000) (-1920.000000 -1600.000000 -1344.000000) (-1920.000000 160.000000 -1344.000000) (-1920.000000 160.000000 -1376.000000) 
4 75 79 (-640.000000 -1600.000000 -1376.000000) (-640.000000 -1600.000000 -1344.000000) (-1920.000000 -1600.000000 -1344.000000) (-1920.000000 -1600.000000 -1376.000000) 
4 76 77 (-1632.000000 -2944.000000 0.000000) (-1632.000000 -2944.000000 256.000000) (-1632.000000 -1856.000000 256.000000) (-1632.000000 -1856.000000 0.000000) 
4 77 85 (-1920.000000 -2944.000000 0.000000) (-1920.000000 -2944.000000 256.000000) (-1920.000000 -1856.000000 256.000000) (-1920.000000 -1856.000000 0.000000) 
4 78 92 (-1920.000000 -2944.000000 -32.000000) (-1920.000000 -2944.000000 -1344.000000) (-640.000000 -2944.000000 -1344.000000) (-640.000000 -2944.000000 -32.000000) 
4 78 87 (-1920.000000 -2944.000000 -1344.000000) (-1920.000000 -2944.000000 -32.000000) (-1920.000000 -1856.000000 -32.000000) (-1920.000000 -1856.000000 -1344.000000) 
4 78 82 (-1920.000000 -1856.000000 -32.000000) (-1920.000000 -1600.000000 -32.000000) (-1920.000000 -1600.000000 -1344.000000) (-1920.000000 -1856.000000 -1344.000000) 
4 79 94 (-1920.000000 -2944.000000 -1344.000000) (-1920.000000 -2944.000000 -1376.000000) (-640.000000 -2944.000000 -1376.000000) (-640.000000 -2944.000000 -1344.000000) 
4 79 89 (-1920.000000 -2944.000000 -1376.000000) (-1920.000000 -2944.000000 -1344.000000) (-1920.000000 -1856.000000 -1344.000000) (-1920.000000 -1856.000000 -1376.000000) 
4 79 84 (-1920.000000 -1856.000000 -1344.000000) (-1920.000000 -1600.000000 -1344.000000) (-1920.000000 -1600.000000 -1376.000000) (-1920.000000 -1856.000000 -1376.000000) 
4 81 86 (-3040.000000 -1856.000000 288.000000) (-3412.270000 -1856.000000 288.000000) (-3412.270000 -1856.000000 -32.000000) (-3040.000000 -1856.000000 -32.000000) 
4 81 82 (-3412.270000 160.000000 -32.000000) (-3040.000000 160.000000 -32.000000) (-3040.000000 -1856.000000 -32.000000) (-3412.270000 -1856.000000 -32.000000) 
4 82 87 (-1920.000000 -1856.000000 -1344.000000) (-1920.000000 -1856.000000 -32.000000) (-3412.270000 -1856.000000 -32.000000) (-3412.270000 -1856.000000 -1344.000000) 
4 83 88 (-3412.270000 -1856.000000 288.000000) (-3456.000000 -1856.000000 288.000000) (-3456.000000 -1856.000000 -1344.000000) (-3412.270000 -1856.000000 -1344.000000) 
4 83 84 (-3456.000000 160.000000 -1344.000000) (-3412.270000 160.000000 -1344.000000) (-3412.270000 -1856.000000 -1344.000000) (-3456.000000 -1856.000000 -1344.000000) 
4 84 89 (-1920.000000 -1856.000000 -1376.000000) (-1920.000000 -1856.000000 -1344.000000) (-3456.000000 -1856.000000 -1344.000000) (-3456.000000 -1856.000000 -1376.000000) 
4 85 95 (-3008.000000 -2944.000000 256.000000) (-3008.000000 -2944.000000 0.000000) (-2688.000000 -2944.000000 0.000000) (-2688.000000 -2944.000000 256.000000) 
4 86 96 (-3040.000000 -2944.000000 288.000000) (-3412.270000 -2944.000000 288.000000) (-3412.270000 -2944.000000 -32.000000) (-3040.000000 -2944.000000 -32.000000) 
4 86 87 (-3040.000000 -2944.000000 -32.000000) (-3412.270000 -2944.000000 -32.000000) (-3412.270000 -1856.000000 -32.000000) (-3040.000000 -1856.000000 -32.000000) 
4 87 97 (-3412.270000 -2944.000000 -32.000000) (-3412.270000 -2944.000000 -1344.000000) (-2688.000000 -2944.000000 -1344.000000) (-2688.000000 -2944.000000 -32.000000) 
4 87 92 (-2688.000000 -2944.000000 -1344.000000) (-1920.000000 -2944.000000 -1344.000000) (-1920.000000 -2944.000000 -32.000000) (-2688.000000 -2944.000000 -32.000000) 
4 88 100 (-3412.270000 -2944.000000 288.000000) (-3456.000000 -2944.000000 288.000000) (-3456.000000 -2944.000000 -1344.000000) (-3412.270000 -2944.000000 -1344.000000) 
4 88 89 (-3412.270000 -2944.000000 -1344.000000) (-3456.000000 -2944.000000 -1344.000000) (-3456.000000 -1856.000000 -1344.000000) (-3412.270000 -1856.000000 -1344.000000) 
4 89 101 (-3456.000000 -2944.000000 -1344.000000) (-3456.000000 -2944.000000 -1376.000000) (-2688.000000 -2944.000000 -1376.000000) (-2688.000000 -2944.000000 -1344.000000) 
4 89 94 (-2688.000000 -2944.000000 -1376.000000) (-1920.000000 -2944.000000 -1376.000000) (-1920.000000 -2944.000000 -1344.000000) (-2688.000000 -2944.000000 -1344.000000) 
4 90 95 (-2688.000000 -2976.000000 256.000000) (-2688.000000 -2976.000000 0.000000) (-2688.000000 -3456.000000 0.000000) (-2688.000000 -3456.000000 256.000000) 
4 91 98 (-2688.000000 -3488.000000 -32.000000) (-2688.000000 -3803.470000 -32.000000) (-2688.000000 -3803.470000 288.000000) (-2688.000000 -3488.000000 288.000000) 
4 91 92 (-2688.000000 -3803.470000 -32.000000) (-2688.000000 -3488.000000 -32.000000) (-640.000000 -3488.000000 -32.000000) (-640.000000 -3803.470000 -32.000000) 
4 92 98 (-2688.000000 -3488.000000 -1344.000000) (-2688.000000 -3803.470000 -1344.000000) (-2688.000000 -3803.470000 -32.000000) (-2688.000000 -3488.000000 -32.000000) 
4 92 97 (-2688.000000 -2944.000000 -32.000000) (-2688.000000 -2944.000000 -1344.000000) (-2688.000000 -3488.000000 -1344.000000) (-2688.000000 -3488.000000 -32.000000) 
4 93 99 (-2688.000000 -3803.470000 -1344.000000) (-2688.000000 -3840.000000 -1344.000000) (-2688.000000 -3840.000000 288.000000) (-2688.000000 -3803.470000 288.000000) 
4 93 94 (-2688.000000 -3840.000000 -1344.000000) (-2688.000000 -3803.470000 -1344.000000) (-640.000000 -3803.470000 -1344.000000) (-640.000000 -3840.000000 -1344.000000) 
4 94 101 (-2688.000000 -2944.000000 -1344.000000) (-2688.000000 -2944.000000 -1376.000000) (-2688.000000 -3840.000000 -1376.000000) (-2688.000000 -3840.000000 -1344.000000) 
4 96 98 (-3040.000000 -3488.000000 288.000000) (-3412.270000 -3488.000000 288.000000) (-3412.270000 -3488.000000 -32.000000) (-3040.000000 -3488.000000 -32.000000) 
4 96 97 (-3412.270000 -3488.000000 -32.000000) (-3412.270000 -2944.000000 -32.000000) (-3040.000000 -2944.000000 -32.000000) (-3040.000000 -3488.000000 -32.000000) 
4 97 98 (-3412.270000 -3488.000000 -1344.000000) (-2688.000000 -3488.000000 -1344.000000) (-2688.000000 -3488.000000 -32.000000) (-3412.270000 -3488.000000 -32.000000) 
4 99 101 (-2688.000000 -3803.470000 -1344.000000) (-2688.000000 -3840.000000 -1344.000000) (-3412.270000 -3840.000000 -1344.000000) (-3412.270000 -3803.470000 -1344.000000) 
4 99 100 (-3412.270000 -3840.000000 -1344.000000) (-3412.270000 -3840.000000 288.000000) (-3412.270000 -3803.470000 288.000000) (-3412.270000 -3803.470000 -1344.000000) 
4 100 101 (-3456.000000 -3840.000000 -1344.000000) (-3456.000000 -2944.000000 -1344.000000) (-3412.270000 -2944.000000 -1344.000000) (-3412.270000 -3840.000000 -1344.000000) 
