hlcsg v3.4 VL33 (Feb  2 2014)
Zoner's Half-Life Compilation Tools -- Custom Build
Based on code modifications by Sean 'Zoner' Cavanaugh
Based on Valve's version, modified with permission.
Submit detailed bug reports to (vluzacn@163.com)
-----  BEGIN  hlcsg -----
Command line: "C:/Program Files/J.A.C.K/halflife/hlcsg.exe" C:\Phoenix\CORRIDORS\PhoenixCORRIDORS\maps\corridors1 
Arguments: C:\Phoenix\CORRIDORS\PhoenixCORRIDORS\maps\corridors1 -low -wadautodetect 
Entering C:\Phoenix\CORRIDORS\PhoenixCORRIDORS\maps\corridors1.map

Current hlcsg Settings
Name                 |  Setting  |  Default
---------------------|-----------|-------------------------
threads               [       8 ] [  Varies ]
verbose               [     off ] [     off ]
log                   [      on ] [      on ]
reset logfile         [      on ] [      on ]
developer             [       0 ] [       0 ]
chart                 [     off ] [     off ]
estimate              [     off ] [     off ]
max texture memory    [ 33554432 ] [ 33554432 ]
max lighting memory   [ 50331648 ] [ 50331648 ]
priority              [     Low ] [  Normal ]

noclip                [     off ] [     off ]
null texture stripping[      on ] [      on ]
clipnode economy mode [     off ] [     off ]
clip hull type        [  simple ] [  simple ]
onlyents              [     off ] [     off ]
wadtextures           [      on ] [      on ]
skyclip               [      on ] [      on ]
hullfile              [    None ] [    None ]
wad configuration file[    None ] [    None ]
wad.cfg group name    [    None ] [    None ]
nullfile              [    None ] [    None ]
nullify trigger       [      on ] [      on ]
min surface area      [   0.000 ] [   0.000 ]
brush union threshold [   0.000 ] [   0.000 ]
map scaling           [    None ] [    None ]
light name optimize   [      on ] [      on ]
UTF8 game_text        [      on ] [      on ]

Using mapfile wad configuration
Wadfiles not in use by the map will be excluded
Wadinclude list :
[zhlt.wad]

CreateBrush:
 (0.01 seconds)
CSGBrush:
 (0.04 seconds)

added 1 additional animating textures.
Using Wadfile: \Phoenix\CORRIDORS\valve\halflife.wad
 - Contains 7 used textures, 100.00 percent of map (3116 textures in wad)

Wad files required to run the map: "halflife.wad;"
Texture usage is at 0.06 mb (of 32.00 mb MAX)
0.16 seconds elapsed

-----   END   hlcsg -----



hlbsp v3.4 VL33 (Feb  2 2014)
Zoner's Half-Life Compilation Tools -- Custom Build
Based on code modifications by Sean 'Zoner' Cavanaugh
Based on Valve's version, modified with permission.
Submit detailed bug reports to (vluzacn@163.com)
-----  BEGIN  hlbsp -----
Command line: "C:/Program Files/J.A.C.K/halflife/hlbsp.exe" C:\Phoenix\CORRIDORS\PhoenixCORRIDORS\maps\corridors1 
Arguments: C:\Phoenix\CORRIDORS\PhoenixCORRIDORS\maps\corridors1 -low -chart 

Current hlbsp Settings
Name               |  Setting  |  Default
-------------------|-----------|-------------------------
threads             [       8 ] [  Varies ]
verbose             [     off ] [     off ]
log                 [      on ] [      on ]
developer           [       0 ] [       0 ]
chart               [      on ] [     off ]
estimate            [     off ] [     off ]
max texture memory  [ 33554432 ] [ 33554432 ]
priority            [     Low ] [  Normal ]

noclip              [     off ] [     off ]
nofill              [     off ] [     off ]
noinsidefill        [     off ] [     off ]
noopt               [     off ] [     off ]
no clipnode merging [     off ] [     off ]
null tex. stripping [      on ] [      on ]
notjunc             [     off ] [     off ]
nobrink             [     off ] [     off ]
subdivide size      [     240 ] [     240 ] (Min 64) (Max 512)
max node size       [    1024 ] [    1024 ] (Min 64) (Max 65536)
remove hull 2       [     off ] [     off ]


SolidBSP [hull 0] 206 (0.02 seconds)
BSP generation successful, writing portal file 'C:\Phoenix\CORRIDORS\PhoenixCORRIDORS\maps\corridors1.prt'
SolidBSP [hull 1] 203 (0.01 seconds)
SolidBSP [hull 2] 208 (0.01 seconds)
SolidBSP [hull 3] 203 (0.01 seconds)
Reduced 653 clipnodes to 576
Reduced 34 texinfos to 29
Reduced 7 texdatas to 7 (312 bytes to 312)
Reduced 498 planes to 218
FixBrinks:
Increased 576 clipnodes to 576.

Object names  Objects/Maxobjs  Memory / Maxmem  Fullness
------------  ---------------  ---------------  --------
models             10/512          640/32768    ( 2.0%)
planes            218/32768       4360/655360   ( 0.7%)
vertexes         2987/65535      35844/786420   ( 4.6%)
nodes             259/32767       6216/786408   ( 0.8%)
texinfos           29/32767       1160/1310680  ( 0.1%)
faces            2391/65535      47820/1310700  ( 3.6%)
* worldfaces     2356/32768          0/0        ( 7.2%)
clipnodes         576/32767       4608/262136   ( 1.8%)
leaves            157/32760       4396/917280   ( 0.5%)
* worldleaves     102/8192           0/0        ( 1.2%)
marksurfaces     2458/65535       4916/131070   ( 3.8%)
surfedges       10856/512000     43424/2048000  ( 2.1%)
edges            5429/256000     21716/1024000  ( 2.1%)
texdata          [variable]        312/33554432 ( 0.0%)
lightdata        [variable]          0/50331648 ( 0.0%)
visdata          [variable]          0/8388608  ( 0.0%)
entdata          [variable]      15287/2097152  ( 0.7%)
* AllocBlock       22/64             0/0        (34.4%)
7 textures referenced
=== Total BSP file data space used: 190699 bytes ===
Wad files required to run the map: "halflife.wad;"
0.28 seconds elapsed

-----   END   hlbsp -----



hlvis v3.4 VL33 (Feb  2 2014)
Zoner's Half-Life Compilation Tools -- Custom Build
Based on code modifications by Sean 'Zoner' Cavanaugh
Based on Valve's version, modified with permission.
Submit detailed bug reports to (vluzacn@163.com)
-----  BEGIN  hlvis -----
Command line: "C:/Program Files/J.A.C.K/halflife/hlvis.exe" C:\Phoenix\CORRIDORS\PhoenixCORRIDORS\maps\corridors1 
Arguments: C:\Phoenix\CORRIDORS\PhoenixCORRIDORS\maps\corridors1 -low 
 102 portalleafs
 260 numportals

-= Current hlvis Settings =-
Name               |  Setting  |  Default
-------------------|-----------|-------------------------
threads             [       8 ] [  Varies ]
verbose             [     off ] [     off ]
log                 [      on ] [      on ]
developer           [       0 ] [       0 ]
chart               [     off ] [     off ]
estimate            [     off ] [     off ]
max texture memory  [ 33554432 ] [ 33554432 ]
max vis distance    [       0 ] [       0 ]
priority            [     Low ] [  Normal ]

fast vis            [     off ] [     off ]
full vis            [     off ] [     off ]


BasePortalVis:
 (0.01 seconds)
LeafThread:
 (0.04 seconds)
average leafs visible: 33
g_visdatasize:1310  compressed from 1326
0.06 seconds elapsed

-----   END   hlvis -----



hlrad v3.4 VL33 64-bit (Feb  2 2014)
Zoner's Half-Life Compilation Tools -- Custom Build
Based on code modifications by Sean 'Zoner' Cavanaugh
Based on Valve's version, modified with permission.
Submit detailed bug reports to (vluzacn@163.com)
-----  BEGIN  hlrad -----
Command line: "C:/Program Files/J.A.C.K/halflife/hlrad_x64.exe" -extra C:\Phoenix\CORRIDORS\PhoenixCORRIDORS\maps\corridors1 
Arguments: -extra C:\Phoenix\CORRIDORS\PhoenixCORRIDORS\maps\corridors1 -low 
Loading extent file 'C:\Phoenix\CORRIDORS\PhoenixCORRIDORS\maps\corridors1.ext'

-= Current hlrad Settings =-
Name                | Setting             | Default
--------------------|---------------------|-------------------------
threads              [                 8 ] [            Varies ]
verbose              [               off ] [               off ]
log                  [                on ] [                on ]
developer            [                 0 ] [                 0 ]
chart                [               off ] [               off ]
estimate             [               off ] [               off ]
max texture memory   [          33554432 ] [          33554432 ]
max lighting memory  [          50331648 ] [          50331648 ]
priority             [               Low ] [            Normal ]

fast rad             [               off ] [               off ]
vismatrix algorithm  [            Sparse ] [            Sparse ]
oversampling (-extra)[                on ] [               off ]
bounces              [                 8 ] [                 8 ]
ambient light        [ 0.000 0.000 0.000 ] [ 0.000 0.000 0.000 ]
light limit threshold[           188.000 ] [           188.000 ]
circus mode          [               off ] [               off ]

smoothing threshold  [            50.000 ] [            50.000 ]
smoothing threshold 2[         no change ] [         no change ]
direct threshold     [            10.000 ] [            10.000 ]
direct light scale   [             1.000 ] [             1.000 ]
coring threshold     [             0.010 ] [             0.010 ]
patch interpolation  [                on ] [                on ]

texscale             [                on ] [                on ]
patch subdividing    [                on ] [                on ]
chop value           [            64.000 ] [            64.000 ]
texchop value        [            32.000 ] [            32.000 ]

global fade          [             1.000 ] [             1.000 ]
global light scale   [ 2.000 2.000 2.000 ] [ 2.000 2.000 2.000 ]
global gamma         [ 0.550 0.550 0.550 ] [ 0.550 0.550 0.550 ]
global light scale   [             2.000 ] [             2.000 ]
global sky diffusion [             1.000 ] [             1.000 ]

spread angles        [                on ] [                on ]
opaque entities      [                on ] [                on ]
sky lighting fix     [                on ] [                on ]
incremental          [               off ] [               off ]
dump                 [               off ] [               off ]

colour jitter        [       0.0 0.0 0.0 ] [       0.0 0.0 0.0 ]
monochromatic jitter [       0.0 0.0 0.0 ] [       0.0 0.0 0.0 ]

custom shadows with bounce light
                     [               off ] [               off ]
rgb transfers        [               off ] [               off ]
minimum final light  [                 0 ] [                 0 ]
size of transfer     [         1 (16bit) ] [         1 (16bit) ]
size of rgbtransfer  [         2 (32bit) ] [         2 (32bit) ]
soft sky             [                on ] [                on ]
translucent depth    [             2.000 ] [             2.000 ]
block opaque         [                on ] [                on ]
ignore textures      [               off ] [               off ]
reflectivity gamma   [             1.760 ] [             1.760 ]
reflectivity scale   [             0.700 ] [             0.700 ]
blur size            [             1.500 ] [             1.500 ]
no emitter range     [               off ] [               off ]
wall bleeding fix    [                on ] [                on ]


Load Textures:
Using Wadfile: C:\Phoenix\CORRIDORS\PhoenixCORRIDORS\maps\corridors1.wa_
7 textures referenced
Reading texlights from 'C:\Program Files\J.A.C.K\halflife\lights.rad'
0 opaque models
0 opaque faces
2391 faces
Create Patches : 23396 base patches
493710 square feet [71094272.00 square inches]
47 direct lights and 65544 fast direct lights
1 light styles
Warning: More than one light_environments are in use. Add entity info_sunlight to clarify the sunlight's brightness for in-game model(.mdl) rendering.

FindFacePositions:
 (0.73 seconds)
BuildFacelights:
 (36.53 seconds)
BuildVisLeafs:
 (3.56 seconds)
visibility matrix   :  17.5 megs
MakeScales:
 (6.05 seconds)
Transfer Lists :    20518617 :    20.52M transfers
       Indices :     2679804 :     2.56M bytes
          Data :    41077647 :    39.17M bytes
Bounce 1 GatherLight:
 (0.11 seconds)
Bounce 2 GatherLight:
 (0.11 seconds)
Bounce 3 GatherLight:
 (0.11 seconds)
Bounce 4 GatherLight:
 (0.11 seconds)
Bounce 5 GatherLight:
 (0.10 seconds)
Bounce 6 GatherLight:
 (0.11 seconds)
Bounce 7 GatherLight:
 (0.11 seconds)
Bounce 8 GatherLight:
 (0.11 seconds)
CreateTriangulations:
 (0.22 seconds)
AddPatchLights:
 (3.30 seconds)
FinalLightFace:
 (0.02 seconds)
51.61 seconds elapsed

-----   END   hlrad -----



