99
302
1
1
1
1
1
1
1
1
1
1
1
1
1
1
1
1
1
1
1
1
1
1
1
1
1
1
1
1
1
1
1
1
1
1
1
1
1
1
1
1
1
1
1
1
1
1
1
1
1
1
1
1
1
1
1
1
1
1
1
1
1
1
1
1
1
1
1
1
1
1
1
1
1
1
1
1
1
1
1
1
1
1
1
1
1
1
1
1
1
1
1
1
1
1
1
1
1
1
1
4 0 2 (3776.000000 -3136.000000 1310.590000) (3735.920000 -3136.000000 1310.590000) (3735.920000 3488.000000 1310.590000) (3776.000000 3488.000000 1310.590000) 
4 0 1 (-3799.920000 3488.000000 1310.590000) (-3799.920000 3520.000000 1310.590000) (3776.000000 3520.000000 1310.590000) (3776.000000 3488.000000 1310.590000) 
4 0 4 (-3799.920000 -3136.000000 1310.590000) (-3840.000000 -3136.000000 1310.590000) (-3840.000000 3520.000000 1310.590000) (-3799.920000 3520.000000 1310.590000) 
4 0 5 (3776.000000 -3136.000000 1310.590000) (3776.000000 -3136.000000 1376.000000) (-3840.000000 -3136.000000 1376.000000) (-3840.000000 -3136.000000 1310.590000) 
4 1 67 (-2016.000000 3488.000000 512.000000) (-3799.920000 3488.000000 512.000000) (-3799.920000 3520.000000 512.000000) (-2016.000000 3520.000000 512.000000) 
4 1 49 (352.000000 3488.000000 512.000000) (-2016.000000 3488.000000 512.000000) (-2016.000000 3520.000000 512.000000) (352.000000 3520.000000 512.000000) 
4 1 45 (1056.000000 3488.000000 512.000000) (352.000000 3488.000000 512.000000) (352.000000 3520.000000 512.000000) (1056.000000 3520.000000 512.000000) 
4 1 30 (2080.000000 3488.000000 512.000000) (1056.000000 3488.000000 512.000000) (1056.000000 3520.000000 512.000000) (2080.000000 3520.000000 512.000000) 
4 1 17 (2592.000000 3488.000000 512.000000) (2080.000000 3488.000000 512.000000) (2080.000000 3520.000000 512.000000) (2592.000000 3520.000000 512.000000) 
4 1 6 (3776.000000 3520.000000 512.000000) (3776.000000 3488.000000 512.000000) (2592.000000 3488.000000 512.000000) (2592.000000 3520.000000 512.000000) 
4 1 2 (3735.920000 3488.000000 512.000000) (3776.000000 3488.000000 512.000000) (3776.000000 3488.000000 1310.590000) (3735.920000 3488.000000 1310.590000) 
4 1 4 (-3799.920000 3520.000000 1310.590000) (-3799.920000 3520.000000 512.000000) (-3799.920000 3488.000000 512.000000) (-3799.920000 3488.000000 1310.590000) 
4 2 23 (3776.000000 -320.000000 512.000000) (3776.000000 -3136.000000 512.000000) (3735.920000 -3136.000000 512.000000) (3735.920000 -320.000000 512.000000) 
4 2 11 (3776.000000 1536.000000 512.000000) (3776.000000 -320.000000 512.000000) (3735.920000 -320.000000 512.000000) (3735.920000 1536.000000 512.000000) 
4 2 7 (3776.000000 3488.000000 512.000000) (3776.000000 1536.000000 512.000000) (3735.920000 1536.000000 512.000000) (3735.920000 3488.000000 512.000000) 
4 2 5 (3735.920000 -3136.000000 512.000000) (3776.000000 -3136.000000 512.000000) (3776.000000 -3136.000000 1310.590000) (3735.920000 -3136.000000 1310.590000) 
4 3 90 (-320.000000 -3136.000000 512.000000) (-3799.920000 -3136.000000 512.000000) (-3799.920000 -2400.000000 512.000000) (-320.000000 -2400.000000 512.000000) 
4 3 88 (2080.000000 -3136.000000 512.000000) (-320.000000 -3136.000000 512.000000) (-320.000000 -2432.000000 512.000000) (2080.000000 -2432.000000 512.000000) 
4 3 87 (-320.000000 -2432.000000 512.000000) (-320.000000 -2400.000000 512.000000) (2080.000000 -2400.000000 512.000000) (2080.000000 -2432.000000 512.000000) 
4 3 85 (-3799.920000 -2400.000000 512.000000) (-3799.920000 -1888.000000 512.000000) (2080.000000 -1888.000000 512.000000) (2080.000000 -2400.000000 512.000000) 
4 3 83 (-3799.920000 -1888.000000 512.000000) (-3799.920000 928.000000 512.000000) (2048.000000 928.000000 512.000000) (2048.000000 -1888.000000 512.000000) 
4 3 82 (2048.000000 928.000000 512.000000) (2080.000000 928.000000 512.000000) (2080.000000 -1888.000000 512.000000) (2048.000000 -1888.000000 512.000000) 
4 3 80 (-3799.920000 928.000000 512.000000) (-3799.920000 2624.000000 512.000000) (-2432.000000 2624.000000 512.000000) (-2432.000000 928.000000 512.000000) 
4 3 78 (-2208.000000 1056.000000 512.000000) (-2208.000000 928.000000 512.000000) (-2432.000000 928.000000 512.000000) (-2432.000000 1056.000000 512.000000) 
4 3 76 (-2432.000000 2624.000000 512.000000) (-2208.000000 2624.000000 512.000000) (-2208.000000 1088.000000 512.000000) (-2432.000000 1088.000000 512.000000) 
4 3 75 (-2208.000000 2624.000000 512.000000) (-2016.000000 2624.000000 512.000000) (-2016.000000 928.000000 512.000000) (-2208.000000 928.000000 512.000000) 
4 3 69 (-3799.920000 2624.000000 512.000000) (-3799.920000 3168.000000 512.000000) (-2016.000000 3168.000000 512.000000) (-2016.000000 2624.000000 512.000000) 
4 3 68 (-3799.920000 3168.000000 512.000000) (-3799.920000 3488.000000 512.000000) (-2016.000000 3488.000000 512.000000) (-2016.000000 3168.000000 512.000000) 
4 3 64 (-320.000000 928.000000 512.000000) (-2016.000000 928.000000 512.000000) (-2016.000000 1504.000000 512.000000) (-320.000000 1504.000000 512.000000) 
4 3 63 (320.000000 928.000000 512.000000) (-320.000000 928.000000 512.000000) (-320.000000 960.000000 512.000000) (320.000000 960.000000 512.000000) 
4 3 61 (-320.000000 960.000000 512.000000) (-320.000000 1344.000000 512.000000) (320.000000 1344.000000 512.000000) (320.000000 960.000000 512.000000) 
4 3 59 (-320.000000 1344.000000 512.000000) (-320.000000 1504.000000 512.000000) (320.000000 1504.000000 512.000000) (320.000000 1344.000000 512.000000) 
4 3 56 (1056.000000 1344.000000 512.000000) (1056.000000 928.000000 512.000000) (320.000000 928.000000 512.000000) (320.000000 1344.000000 512.000000) 
4 3 55 (1056.000000 1504.000000 512.000000) (1056.000000 1344.000000 512.000000) (320.000000 1344.000000 512.000000) (320.000000 1504.000000 512.000000) 
4 3 52 (352.000000 3136.000000 512.000000) (352.000000 1504.000000 512.000000) (-2016.000000 1504.000000 512.000000) (-2016.000000 3136.000000 512.000000) 
4 3 51 (352.000000 3168.000000 512.000000) (352.000000 3136.000000 512.000000) (-2016.000000 3136.000000 512.000000) (-2016.000000 3168.000000 512.000000) 
4 3 50 (-2016.000000 3488.000000 512.000000) (352.000000 3488.000000 512.000000) (352.000000 3168.000000 512.000000) (-2016.000000 3168.000000 512.000000) 
4 3 47 (1056.000000 2272.000000 512.000000) (1056.000000 1504.000000 512.000000) (352.000000 1504.000000 512.000000) (352.000000 2272.000000 512.000000) 
4 3 46 (352.000000 3488.000000 512.000000) (1056.000000 3488.000000 512.000000) (1056.000000 2272.000000 512.000000) (352.000000 2272.000000 512.000000) 
4 3 35 (2080.000000 2240.000000 512.000000) (2080.000000 928.000000 512.000000) (1056.000000 928.000000 512.000000) (1056.000000 2240.000000 512.000000) 
4 3 33 (2048.000000 2240.000000 512.000000) (1056.000000 2240.000000 512.000000) (1056.000000 3104.000000 512.000000) (2048.000000 3104.000000 512.000000) 
4 3 32 (2080.000000 3104.000000 512.000000) (2080.000000 2240.000000 512.000000) (2048.000000 2240.000000 512.000000) (2048.000000 3104.000000 512.000000) 
4 3 31 (1056.000000 3488.000000 512.000000) (2080.000000 3488.000000 512.000000) (2080.000000 3104.000000 512.000000) (1056.000000 3104.000000 512.000000) 
4 3 28 (2624.000000 -3136.000000 512.000000) (2080.000000 -3136.000000 512.000000) (2080.000000 -2432.000000 512.000000) (2624.000000 -2432.000000 512.000000) 
4 3 26 (2080.000000 -2432.000000 512.000000) (2080.000000 -320.000000 512.000000) (2624.000000 -320.000000 512.000000) (2624.000000 -2432.000000 512.000000) 
4 3 24 (3735.920000 -3136.000000 512.000000) (2624.000000 -3136.000000 512.000000) (2624.000000 -320.000000 512.000000) (3735.920000 -320.000000 512.000000) 
4 3 21 (2080.000000 -320.000000 512.000000) (2080.000000 -288.000000 512.000000) (2592.000000 -288.000000 512.000000) (2592.000000 -320.000000 512.000000) 
4 3 19 (2080.000000 -288.000000 512.000000) (2080.000000 3104.000000 512.000000) (2592.000000 3104.000000 512.000000) (2592.000000 -288.000000 512.000000) 
4 3 18 (2080.000000 3104.000000 512.000000) (2080.000000 3488.000000 512.000000) (2592.000000 3488.000000 512.000000) (2592.000000 3104.000000 512.000000) 
4 3 13 (3648.000000 -320.000000 512.000000) (2592.000000 -320.000000 512.000000) (2592.000000 1536.000000 512.000000) (3648.000000 1536.000000 512.000000) 
4 3 12 (3735.920000 1536.000000 512.000000) (3735.920000 -320.000000 512.000000) (3648.000000 -320.000000 512.000000) (3648.000000 1536.000000 512.000000) 
4 3 9 (2592.000000 3488.000000 512.000000) (2624.000000 3488.000000 512.000000) (2624.000000 1536.000000 512.000000) (2592.000000 1536.000000 512.000000) 
4 3 8 (2624.000000 3488.000000 512.000000) (3735.920000 3488.000000 512.000000) (3735.920000 1536.000000 512.000000) (2624.000000 1536.000000 512.000000) 
4 4 92 (-3799.920000 -3136.000000 512.000000) (-3840.000000 -3136.000000 512.000000) (-3840.000000 -2400.000000 512.000000) (-3799.920000 -2400.000000 512.000000) 
4 4 86 (-3840.000000 -2400.000000 512.000000) (-3840.000000 -1888.000000 512.000000) (-3799.920000 -1888.000000 512.000000) (-3799.920000 -2400.000000 512.000000) 
4 4 84 (-3840.000000 -1888.000000 512.000000) (-3840.000000 928.000000 512.000000) (-3799.920000 928.000000 512.000000) (-3799.920000 -1888.000000 512.000000) 
4 4 81 (-3840.000000 928.000000 512.000000) (-3840.000000 2624.000000 512.000000) (-3799.920000 2624.000000 512.000000) (-3799.920000 928.000000 512.000000) 
4 4 74 (-3840.000000 2624.000000 512.000000) (-3840.000000 3520.000000 512.000000) (-3799.920000 3520.000000 512.000000) (-3799.920000 2624.000000 512.000000) 
4 4 5 (-3840.000000 -3136.000000 512.000000) (-3799.920000 -3136.000000 512.000000) (-3799.920000 -3136.000000 1310.590000) (-3840.000000 -3136.000000 1310.590000) 
4 5 92 (-3799.920000 -3168.000000 512.000000) (-3840.000000 -3168.000000 512.000000) (-3840.000000 -3136.000000 512.000000) (-3799.920000 -3136.000000 512.000000) 
4 5 91 (-320.000000 -3168.000000 512.000000) (-3799.920000 -3168.000000 512.000000) (-3799.920000 -3136.000000 512.000000) (-320.000000 -3136.000000 512.000000) 
4 5 89 (2080.000000 -3168.000000 512.000000) (-320.000000 -3168.000000 512.000000) (-320.000000 -3136.000000 512.000000) (2080.000000 -3136.000000 512.000000) 
4 5 29 (2624.000000 -3168.000000 512.000000) (2080.000000 -3168.000000 512.000000) (2080.000000 -3136.000000 512.000000) (2624.000000 -3136.000000 512.000000) 
4 5 25 (3735.920000 -3168.000000 512.000000) (2624.000000 -3168.000000 512.000000) (2624.000000 -3136.000000 512.000000) (3735.920000 -3136.000000 512.000000) 
4 5 23 (3776.000000 -3136.000000 512.000000) (3776.000000 -3168.000000 512.000000) (3735.920000 -3168.000000 512.000000) (3735.920000 -3136.000000 512.000000) 
4 6 94 (3735.920000 3488.000000 -96.000000) (2592.000000 3488.000000 -96.000000) (2592.000000 3520.000000 -96.000000) (3735.920000 3520.000000 -96.000000) 
4 6 93 (3776.000000 3520.000000 -96.000000) (3776.000000 3488.000000 -96.000000) (3735.920000 3488.000000 -96.000000) (3735.920000 3520.000000 -96.000000) 
4 6 17 (2592.000000 3520.000000 -96.000000) (2592.000000 3488.000000 -96.000000) (2592.000000 3488.000000 512.000000) (2592.000000 3520.000000 512.000000) 
4 6 7 (3735.920000 3488.000000 -96.000000) (3776.000000 3488.000000 -96.000000) (3776.000000 3488.000000 512.000000) (3735.920000 3488.000000 512.000000) 
4 7 93 (3776.000000 3488.000000 -96.000000) (3776.000000 1536.000000 -96.000000) (3735.920000 1536.000000 -96.000000) (3735.920000 3488.000000 -96.000000) 
4 7 11 (3735.920000 1536.000000 -96.000000) (3776.000000 1536.000000 -96.000000) (3776.000000 1536.000000 512.000000) (3735.920000 1536.000000 512.000000) 
4 8 95 (3735.920000 1536.000000 -96.000000) (2624.000000 1536.000000 -96.000000) (2624.000000 3488.000000 -96.000000) (3735.920000 3488.000000 -96.000000) 
4 8 13 (3648.000000 1536.000000 224.000000) (3648.000000 1536.000000 512.000000) (2624.000000 1536.000000 512.000000) (2624.000000 1536.000000 224.000000) 
4 8 12 (3648.000000 1536.000000 -96.000000) (3735.920000 1536.000000 -96.000000) (3735.920000 1536.000000 512.000000) (3648.000000 1536.000000 512.000000) 
4 8 10 (2624.000000 3488.000000 224.000000) (2624.000000 3488.000000 -96.000000) (2624.000000 3104.000000 -96.000000) (2624.000000 3104.000000 224.000000) 
4 8 9 (2624.000000 3488.000000 512.000000) (2624.000000 3488.000000 224.000000) (2624.000000 1536.000000 224.000000) (2624.000000 1536.000000 512.000000) 
4 9 19 (2592.000000 1536.000000 224.000000) (2592.000000 1536.000000 512.000000) (2592.000000 3104.000000 512.000000) (2592.000000 3104.000000 224.000000) 
4 9 18 (2592.000000 3104.000000 512.000000) (2592.000000 3488.000000 512.000000) (2592.000000 3488.000000 224.000000) (2592.000000 3104.000000 224.000000) 
4 9 13 (2624.000000 1536.000000 224.000000) (2624.000000 1536.000000 512.000000) (2592.000000 1536.000000 512.000000) (2592.000000 1536.000000 224.000000) 
4 9 10 (2592.000000 3104.000000 224.000000) (2592.000000 3488.000000 224.000000) (2624.000000 3488.000000 224.000000) (2624.000000 3104.000000 224.000000) 
4 10 95 (2592.000000 3104.000000 -96.000000) (2592.000000 3488.000000 -96.000000) (2624.000000 3488.000000 -96.000000) (2624.000000 3104.000000 -96.000000) 
4 10 18 (2592.000000 3488.000000 -96.000000) (2592.000000 3104.000000 -96.000000) (2592.000000 3104.000000 224.000000) (2592.000000 3488.000000 224.000000) 
4 11 93 (3776.000000 -320.000000 -96.000000) (3735.920000 -320.000000 -96.000000) (3735.920000 1536.000000 -96.000000) (3776.000000 1536.000000 -96.000000) 
4 11 23 (3735.920000 -320.000000 -96.000000) (3776.000000 -320.000000 -96.000000) (3776.000000 -320.000000 512.000000) (3735.920000 -320.000000 512.000000) 
4 12 95 (3735.920000 -320.000000 -96.000000) (3648.000000 -320.000000 -96.000000) (3648.000000 1536.000000 -96.000000) (3735.920000 1536.000000 -96.000000) 
4 12 24 (3648.000000 -320.000000 -96.000000) (3735.920000 -320.000000 -96.000000) (3735.920000 -320.000000 512.000000) (3648.000000 -320.000000 512.000000) 
4 12 16 (3648.000000 1216.000000 -96.000000) (3648.000000 -320.000000 -96.000000) (3648.000000 -320.000000 224.000000) (3648.000000 1216.000000 224.000000) 
4 12 14 (3648.000000 1504.000000 -96.000000) (3648.000000 1248.000000 -96.000000) (3648.000000 1248.000000 192.000000) (3648.000000 1504.000000 192.000000) 
4 12 13 (3648.000000 1536.000000 512.000000) (3648.000000 1536.000000 224.000000) (3648.000000 -320.000000 224.000000) (3648.000000 -320.000000 512.000000) 
4 13 26 (2624.000000 -320.000000 512.000000) (2592.000000 -320.000000 512.000000) (2592.000000 -320.000000 224.000000) (2624.000000 -320.000000 224.000000) 
4 13 24 (3648.000000 -320.000000 224.000000) (3648.000000 -320.000000 512.000000) (2624.000000 -320.000000 512.000000) (2624.000000 -320.000000 224.000000) 
4 13 21 (2592.000000 -320.000000 224.000000) (2592.000000 -320.000000 512.000000) (2592.000000 -288.000000 512.000000) (2592.000000 -288.000000 224.000000) 
4 13 19 (2592.000000 -288.000000 512.000000) (2592.000000 1536.000000 512.000000) (2592.000000 1536.000000 224.000000) (2592.000000 -288.000000 224.000000) 
4 13 16 (3648.000000 1216.000000 224.000000) (3648.000000 -320.000000 224.000000) (2624.000000 -320.000000 224.000000) (2624.000000 1216.000000 224.000000) 
4 14 95 (3622.240000 1504.000000 -96.000000) (3648.000000 1504.000000 -96.000000) (3648.000000 1248.000000 -96.000000) (3622.240000 1248.000000 -96.000000) 
4 14 15 (3622.240000 1504.000000 192.000000) (3622.240000 1504.000000 -64.000000) (3622.240000 1248.000000 -64.000000) (3622.240000 1248.000000 192.000000) 
4 15 20 (2592.000000 1248.000000 -64.000000) (2592.000000 1248.000000 192.000000) (2592.000000 1504.000000 192.000000) (2592.000000 1504.000000 -64.000000) 
4 16 95 (3648.000000 -320.000000 -96.000000) (2624.000000 -320.000000 -96.000000) (2624.000000 1216.000000 -96.000000) (3648.000000 1216.000000 -96.000000) 
4 16 24 (2624.000000 -320.000000 -96.000000) (3648.000000 -320.000000 -96.000000) (3648.000000 -320.000000 224.000000) (2624.000000 -320.000000 224.000000) 
4 17 94 (2080.000000 3488.000000 -96.000000) (2080.000000 3520.000000 -96.000000) (2592.000000 3520.000000 -96.000000) (2592.000000 3488.000000 -96.000000) 
4 17 30 (2080.000000 3520.000000 -96.000000) (2080.000000 3488.000000 -96.000000) (2080.000000 3488.000000 512.000000) (2080.000000 3520.000000 512.000000) 
4 18 95 (2080.000000 3104.000000 -96.000000) (2080.000000 3488.000000 -96.000000) (2592.000000 3488.000000 -96.000000) (2592.000000 3104.000000 -96.000000) 
4 18 31 (2080.000000 3488.000000 -96.000000) (2080.000000 3104.000000 -96.000000) (2080.000000 3104.000000 512.000000) (2080.000000 3488.000000 512.000000) 
4 18 19 (2592.000000 3104.000000 224.000000) (2592.000000 3104.000000 512.000000) (2080.000000 3104.000000 512.000000) (2080.000000 3104.000000 224.000000) 
4 19 82 (2080.000000 -288.000000 224.000000) (2080.000000 -288.000000 512.000000) (2080.000000 928.000000 512.000000) (2080.000000 928.000000 224.000000) 
4 19 35 (2080.000000 928.000000 512.000000) (2080.000000 2240.000000 512.000000) (2080.000000 2240.000000 224.000000) (2080.000000 928.000000 224.000000) 
4 19 32 (2080.000000 2240.000000 512.000000) (2080.000000 3104.000000 512.000000) (2080.000000 3104.000000 224.000000) (2080.000000 2240.000000 224.000000) 
4 19 21 (2080.000000 -288.000000 512.000000) (2080.000000 -288.000000 224.000000) (2592.000000 -288.000000 224.000000) (2592.000000 -288.000000 512.000000) 
4 20 22 (2080.000000 -288.000000 160.000000) (2080.000000 -288.000000 -32.000000) (2528.000000 -288.000000 -32.000000) (2528.000000 -288.000000 160.000000) 
4 21 82 (2080.000000 -320.000000 224.000000) (2080.000000 -320.000000 512.000000) (2080.000000 -288.000000 512.000000) (2080.000000 -288.000000 224.000000) 
4 21 26 (2592.000000 -320.000000 224.000000) (2592.000000 -320.000000 512.000000) (2080.000000 -320.000000 512.000000) (2080.000000 -320.000000 224.000000) 
4 22 27 (2528.000000 -320.000000 -32.000000) (2528.000000 -320.000000 160.000000) (2080.000000 -320.000000 160.000000) (2080.000000 -320.000000 -32.000000) 
4 23 93 (3735.920000 -320.000000 -96.000000) (3776.000000 -320.000000 -96.000000) (3776.000000 -3136.000000 -96.000000) (3735.920000 -3136.000000 -96.000000) 
4 23 96 (3776.000000 -3136.000000 -96.000000) (3776.000000 -3168.000000 -96.000000) (3735.920000 -3168.000000 -96.000000) (3735.920000 -3136.000000 -96.000000) 
4 23 25 (3735.920000 -3136.000000 -96.000000) (3735.920000 -3168.000000 -96.000000) (3735.920000 -3168.000000 512.000000) (3735.920000 -3136.000000 512.000000) 
4 24 95 (2624.000000 -3136.000000 -96.000000) (2624.000000 -320.000000 -96.000000) (3735.920000 -320.000000 -96.000000) (3735.920000 -3136.000000 -96.000000) 
4 24 28 (2624.000000 -2432.000000 -96.000000) (2624.000000 -3136.000000 -96.000000) (2624.000000 -3136.000000 512.000000) (2624.000000 -2432.000000 512.000000) 
4 24 26 (2624.000000 -320.000000 512.000000) (2624.000000 -320.000000 224.000000) (2624.000000 -2432.000000 224.000000) (2624.000000 -2432.000000 512.000000) 
4 25 96 (2624.000000 -3168.000000 -96.000000) (2624.000000 -3136.000000 -96.000000) (3735.920000 -3136.000000 -96.000000) (3735.920000 -3168.000000 -96.000000) 
4 25 29 (2624.000000 -3136.000000 -96.000000) (2624.000000 -3168.000000 -96.000000) (2624.000000 -3168.000000 512.000000) (2624.000000 -3136.000000 512.000000) 
4 26 87 (2080.000000 -2432.000000 224.000000) (2080.000000 -2432.000000 512.000000) (2080.000000 -2400.000000 512.000000) (2080.000000 -2400.000000 224.000000) 
4 26 85 (2080.000000 -2400.000000 512.000000) (2080.000000 -1888.000000 512.000000) (2080.000000 -1888.000000 224.000000) (2080.000000 -2400.000000 224.000000) 
4 26 82 (2080.000000 -1888.000000 512.000000) (2080.000000 -320.000000 512.000000) (2080.000000 -320.000000 224.000000) (2080.000000 -1888.000000 224.000000) 
4 26 28 (2624.000000 -2432.000000 224.000000) (2624.000000 -2432.000000 512.000000) (2080.000000 -2432.000000 512.000000) (2080.000000 -2432.000000 224.000000) 
4 27 85 (2080.000000 -2400.000000 -64.000000) (2080.000000 -2400.000000 192.000000) (2080.000000 -1888.000000 192.000000) (2080.000000 -1888.000000 -64.000000) 
4 28 95 (2080.000000 -3136.000000 -96.000000) (2080.000000 -2432.000000 -96.000000) (2624.000000 -2432.000000 -96.000000) (2624.000000 -3136.000000 -96.000000) 
4 28 88 (2080.000000 -2432.000000 -96.000000) (2080.000000 -3136.000000 -96.000000) (2080.000000 -3136.000000 512.000000) (2080.000000 -2432.000000 512.000000) 
4 29 96 (2080.000000 -3168.000000 -96.000000) (2080.000000 -3136.000000 -96.000000) (2624.000000 -3136.000000 -96.000000) (2624.000000 -3168.000000 -96.000000) 
4 29 89 (2080.000000 -3136.000000 -96.000000) (2080.000000 -3168.000000 -96.000000) (2080.000000 -3168.000000 512.000000) (2080.000000 -3136.000000 512.000000) 
4 30 94 (2080.000000 3520.000000 -96.000000) (2080.000000 3488.000000 -96.000000) (1056.000000 3488.000000 -96.000000) (1056.000000 3520.000000 -96.000000) 
4 30 45 (1056.000000 3520.000000 -96.000000) (1056.000000 3488.000000 -96.000000) (1056.000000 3488.000000 512.000000) (1056.000000 3520.000000 512.000000) 
4 31 95 (2080.000000 3488.000000 -96.000000) (2080.000000 3104.000000 -96.000000) (1056.000000 3104.000000 -96.000000) (1056.000000 3488.000000 -96.000000) 
4 31 46 (1056.000000 3488.000000 -96.000000) (1056.000000 3104.000000 -96.000000) (1056.000000 3104.000000 512.000000) (1056.000000 3488.000000 512.000000) 
4 31 34 (1056.000000 3104.000000 -96.000000) (2048.000000 3104.000000 -96.000000) (2048.000000 3104.000000 192.000000) (1056.000000 3104.000000 192.000000) 
4 31 33 (2048.000000 3104.000000 192.000000) (2048.000000 3104.000000 512.000000) (1056.000000 3104.000000 512.000000) (1056.000000 3104.000000 192.000000) 
4 31 32 (2080.000000 3104.000000 224.000000) (2080.000000 3104.000000 512.000000) (2048.000000 3104.000000 512.000000) (2048.000000 3104.000000 224.000000) 
4 32 35 (2080.000000 2240.000000 224.000000) (2080.000000 2240.000000 512.000000) (2048.000000 2240.000000 512.000000) (2048.000000 2240.000000 224.000000) 
4 32 33 (2048.000000 3104.000000 512.000000) (2048.000000 3104.000000 224.000000) (2048.000000 2240.000000 224.000000) (2048.000000 2240.000000 512.000000) 
4 33 47 (1056.000000 2240.000000 192.000000) (1056.000000 2240.000000 512.000000) (1056.000000 2272.000000 512.000000) (1056.000000 2272.000000 192.000000) 
4 33 46 (1056.000000 2272.000000 512.000000) (1056.000000 3104.000000 512.000000) (1056.000000 3104.000000 192.000000) (1056.000000 2272.000000 192.000000) 
4 33 37 (1824.000000 2240.000000 224.000000) (1056.000000 2240.000000 224.000000) (1056.000000 2240.000000 192.000000) (1824.000000 2240.000000 192.000000) 
4 33 36 (2048.000000 2240.000000 192.000000) (2048.000000 2240.000000 224.000000) (1824.000000 2240.000000 224.000000) (1824.000000 2240.000000 192.000000) 
4 33 35 (2048.000000 2240.000000 224.000000) (2048.000000 2240.000000 512.000000) (1056.000000 2240.000000 512.000000) (1056.000000 2240.000000 224.000000) 
4 33 34 (2048.000000 3104.000000 192.000000) (2048.000000 2272.000000 192.000000) (1056.000000 2272.000000 192.000000) (1056.000000 3104.000000 192.000000) 
4 34 95 (1056.000000 2272.000000 -96.000000) (1056.000000 3104.000000 -96.000000) (2048.000000 3104.000000 -96.000000) (2048.000000 2272.000000 -96.000000) 
4 34 46 (1056.000000 3104.000000 -96.000000) (1056.000000 2272.000000 -96.000000) (1056.000000 2272.000000 192.000000) (1056.000000 3104.000000 192.000000) 
4 35 83 (2048.000000 928.000000 512.000000) (1056.000000 928.000000 512.000000) (1056.000000 928.000000 224.000000) (2048.000000 928.000000 224.000000) 
4 35 82 (2080.000000 928.000000 224.000000) (2080.000000 928.000000 512.000000) (2048.000000 928.000000 512.000000) (2048.000000 928.000000 224.000000) 
4 35 56 (1056.000000 928.000000 224.000000) (1056.000000 928.000000 512.000000) (1056.000000 1344.000000 512.000000) (1056.000000 1344.000000 224.000000) 
4 35 55 (1056.000000 1344.000000 512.000000) (1056.000000 1504.000000 512.000000) (1056.000000 1504.000000 224.000000) (1056.000000 1344.000000 224.000000) 
4 35 47 (1056.000000 1504.000000 512.000000) (1056.000000 2240.000000 512.000000) (1056.000000 2240.000000 224.000000) (1056.000000 1504.000000 224.000000) 
4 35 42 (1056.000000 960.000000 224.000000) (1056.000000 1344.000000 224.000000) (1792.000000 1344.000000 224.000000) (1792.000000 960.000000 224.000000) 
4 35 41 (1056.000000 1344.000000 224.000000) (1056.000000 2080.000000 224.000000) (1312.000000 2080.000000 224.000000) (1312.000000 1344.000000 224.000000) 
4 35 39 (1792.000000 1344.000000 224.000000) (1312.000000 1344.000000 224.000000) (1312.000000 2048.000000 224.000000) (1792.000000 2048.000000 224.000000) 
4 35 38 (1312.000000 2080.000000 224.000000) (1824.000000 2080.000000 224.000000) (1824.000000 2048.000000 224.000000) (1312.000000 2048.000000 224.000000) 
4 35 37 (1056.000000 2080.000000 224.000000) (1056.000000 2240.000000 224.000000) (1824.000000 2240.000000 224.000000) (1824.000000 2080.000000 224.000000) 
4 35 36 (1824.000000 2240.000000 224.000000) (2048.000000 2240.000000 224.000000) (2048.000000 960.000000 224.000000) (1824.000000 960.000000 224.000000) 
4 36 38 (1824.000000 2048.000000 224.000000) (1824.000000 2080.000000 224.000000) (1824.000000 2080.000000 192.000000) (1824.000000 2048.000000 192.000000) 
4 36 37 (1824.000000 2080.000000 224.000000) (1824.000000 2240.000000 224.000000) (1824.000000 2240.000000 -64.000000) (1824.000000 2080.000000 -64.000000) 
4 37 47 (1056.000000 2080.000000 192.000000) (1056.000000 2080.000000 224.000000) (1056.000000 2240.000000 224.000000) (1056.000000 2240.000000 192.000000) 
4 37 41 (1056.000000 2080.000000 224.000000) (1056.000000 2080.000000 -64.000000) (1312.000000 2080.000000 -64.000000) (1312.000000 2080.000000 224.000000) 
4 37 38 (1824.000000 2080.000000 192.000000) (1824.000000 2080.000000 224.000000) (1312.000000 2080.000000 224.000000) (1312.000000 2080.000000 192.000000) 
4 38 41 (1312.000000 2048.000000 192.000000) (1312.000000 2048.000000 224.000000) (1312.000000 2080.000000 224.000000) (1312.000000 2080.000000 192.000000) 
4 38 39 (1792.000000 2048.000000 224.000000) (1312.000000 2048.000000 224.000000) (1312.000000 2048.000000 192.000000) (1792.000000 2048.000000 192.000000) 
4 39 42 (1792.000000 1344.000000 224.000000) (1312.000000 1344.000000 224.000000) (1312.000000 1344.000000 192.000000) (1792.000000 1344.000000 192.000000) 
4 39 41 (1312.000000 1344.000000 192.000000) (1312.000000 1344.000000 224.000000) (1312.000000 2048.000000 224.000000) (1312.000000 2048.000000 192.000000) 
4 39 40 (1792.000000 1344.000000 192.000000) (1344.000000 1344.000000 192.000000) (1344.000000 2048.000000 192.000000) (1792.000000 2048.000000 192.000000) 
4 40 95 (1792.000000 1344.000000 -96.000000) (1344.000000 1344.000000 -96.000000) (1344.000000 2048.000000 -96.000000) (1792.000000 2048.000000 -96.000000) 
4 40 43 (1344.000000 1344.000000 -96.000000) (1792.000000 1344.000000 -96.000000) (1792.000000 1344.000000 192.000000) (1344.000000 1344.000000 192.000000) 
4 41 55 (1056.000000 1344.000000 -64.000000) (1056.000000 1344.000000 224.000000) (1056.000000 1504.000000 224.000000) (1056.000000 1504.000000 -64.000000) 
4 41 47 (1056.000000 1504.000000 224.000000) (1056.000000 2080.000000 224.000000) (1056.000000 2080.000000 192.000000) (1056.000000 1504.000000 192.000000) 
4 41 42 (1312.000000 1344.000000 224.000000) (1056.000000 1344.000000 224.000000) (1056.000000 1344.000000 192.000000) (1312.000000 1344.000000 192.000000) 
4 42 57 (1056.000000 960.000000 192.000000) (1056.000000 960.000000 224.000000) (1056.000000 1344.000000 224.000000) (1056.000000 1344.000000 192.000000) 
4 42 43 (1344.000000 1344.000000 192.000000) (1792.000000 1344.000000 192.000000) (1792.000000 1312.000000 192.000000) (1344.000000 1312.000000 192.000000) 
4 42 44 (1792.000000 960.000000 192.000000) (1056.000000 960.000000 192.000000) (1056.000000 1312.000000 192.000000) (1792.000000 1312.000000 192.000000) 
4 43 95 (1344.000000 1344.000000 -96.000000) (1792.000000 1344.000000 -96.000000) (1792.000000 1312.000000 -96.000000) (1344.000000 1312.000000 -96.000000) 
4 43 44 (1344.000000 1312.000000 -96.000000) (1792.000000 1312.000000 -96.000000) (1792.000000 1312.000000 192.000000) (1344.000000 1312.000000 192.000000) 
4 44 95 (1792.000000 960.000000 -96.000000) (1056.000000 960.000000 -96.000000) (1056.000000 1312.000000 -96.000000) (1792.000000 1312.000000 -96.000000) 
4 44 58 (1056.000000 1312.000000 -96.000000) (1056.000000 960.000000 -96.000000) (1056.000000 960.000000 192.000000) (1056.000000 1312.000000 192.000000) 
4 45 94 (1056.000000 3520.000000 -96.000000) (1056.000000 3488.000000 -96.000000) (352.000000 3488.000000 -96.000000) (352.000000 3520.000000 -96.000000) 
4 45 49 (352.000000 3520.000000 -96.000000) (352.000000 3488.000000 -96.000000) (352.000000 3488.000000 512.000000) (352.000000 3520.000000 512.000000) 
4 46 95 (1056.000000 3488.000000 -96.000000) (1056.000000 2272.000000 -96.000000) (352.000000 2272.000000 -96.000000) (352.000000 3488.000000 -96.000000) 
4 46 52 (352.000000 2272.000000 192.000000) (352.000000 2272.000000 512.000000) (352.000000 3136.000000 512.000000) (352.000000 3136.000000 192.000000) 
4 46 51 (352.000000 3136.000000 192.000000) (352.000000 3136.000000 512.000000) (352.000000 3168.000000 512.000000) (352.000000 3168.000000 192.000000) 
4 46 50 (352.000000 3488.000000 -96.000000) (352.000000 3168.000000 -96.000000) (352.000000 3168.000000 512.000000) (352.000000 3488.000000 512.000000) 
4 46 48 (352.000000 2272.000000 -96.000000) (1024.000000 2272.000000 -96.000000) (1024.000000 2272.000000 192.000000) (352.000000 2272.000000 192.000000) 
4 46 47 (1056.000000 2272.000000 192.000000) (1056.000000 2272.000000 512.000000) (352.000000 2272.000000 512.000000) (352.000000 2272.000000 192.000000) 
4 47 55 (1056.000000 1504.000000 192.000000) (1056.000000 1504.000000 512.000000) (352.000000 1504.000000 512.000000) (352.000000 1504.000000 192.000000) 
4 47 52 (352.000000 1504.000000 192.000000) (352.000000 1504.000000 512.000000) (352.000000 2272.000000 512.000000) (352.000000 2272.000000 192.000000) 
4 47 48 (352.000000 1536.000000 192.000000) (352.000000 2272.000000 192.000000) (1024.000000 2272.000000 192.000000) (1024.000000 1536.000000 192.000000) 
4 48 95 (1024.000000 1536.000000 -96.000000) (352.000000 1536.000000 -96.000000) (352.000000 2272.000000 -96.000000) (1024.000000 2272.000000 -96.000000) 
4 49 94 (352.000000 3520.000000 -96.000000) (352.000000 3488.000000 -96.000000) (-2016.000000 3488.000000 -96.000000) (-2016.000000 3520.000000 -96.000000) 
4 49 67 (-2016.000000 3520.000000 -96.000000) (-2016.000000 3488.000000 -96.000000) (-2016.000000 3488.000000 512.000000) (-2016.000000 3520.000000 512.000000) 
4 50 95 (352.000000 3488.000000 -96.000000) (352.000000 3168.000000 -96.000000) (-2016.000000 3168.000000 -96.000000) (-2016.000000 3488.000000 -96.000000) 
4 50 68 (-2016.000000 3488.000000 -96.000000) (-2016.000000 3168.000000 -96.000000) (-2016.000000 3168.000000 512.000000) (-2016.000000 3488.000000 512.000000) 
4 50 51 (-2016.000000 3168.000000 512.000000) (-2016.000000 3168.000000 192.000000) (352.000000 3168.000000 192.000000) (352.000000 3168.000000 512.000000) 
4 51 69 (-2016.000000 3136.000000 192.000000) (-2016.000000 3136.000000 512.000000) (-2016.000000 3168.000000 512.000000) (-2016.000000 3168.000000 192.000000) 
4 51 52 (-2016.000000 3136.000000 512.000000) (-2016.000000 3136.000000 192.000000) (352.000000 3136.000000 192.000000) (352.000000 3136.000000 512.000000) 
4 52 75 (-2016.000000 1504.000000 192.000000) (-2016.000000 1504.000000 512.000000) (-2016.000000 2624.000000 512.000000) (-2016.000000 2624.000000 192.000000) 
4 52 69 (-2016.000000 2624.000000 512.000000) (-2016.000000 3136.000000 512.000000) (-2016.000000 3136.000000 192.000000) (-2016.000000 2624.000000 192.000000) 
4 52 64 (-2016.000000 1504.000000 512.000000) (-2016.000000 1504.000000 192.000000) (-320.000000 1504.000000 192.000000) (-320.000000 1504.000000 512.000000) 
4 52 59 (-320.000000 1504.000000 192.000000) (320.000000 1504.000000 192.000000) (320.000000 1504.000000 512.000000) (-320.000000 1504.000000 512.000000) 
4 52 55 (320.000000 1504.000000 192.000000) (352.000000 1504.000000 192.000000) (352.000000 1504.000000 512.000000) (320.000000 1504.000000 512.000000) 
4 53 65 (-1984.000000 1504.000000 -64.000000) (-320.000000 1504.000000 -64.000000) (-320.000000 1504.000000 160.000000) (-1984.000000 1504.000000 160.000000) 
4 53 60 (-320.000000 1504.000000 -64.000000) (320.000000 1504.000000 -64.000000) (320.000000 1504.000000 160.000000) (-320.000000 1504.000000 160.000000) 
4 53 54 (-1984.000000 3040.000000 32.000000) (-1984.000000 3136.000000 32.000000) (-1984.000000 3136.000000 -64.000000) (-1984.000000 3040.000000 -64.000000) 
4 54 70 (-2016.000000 3040.000000 32.000000) (-2016.000000 3136.000000 32.000000) (-2016.000000 3136.000000 -64.000000) (-2016.000000 3040.000000 -64.000000) 
4 55 60 (320.000000 1504.000000 160.000000) (320.000000 1504.000000 -64.000000) (320.000000 1344.000000 -64.000000) (320.000000 1344.000000 160.000000) 
4 55 59 (320.000000 1504.000000 512.000000) (320.000000 1504.000000 192.000000) (320.000000 1344.000000 192.000000) (320.000000 1344.000000 512.000000) 
4 55 57 (1056.000000 1344.000000 192.000000) (1056.000000 1344.000000 224.000000) (320.000000 1344.000000 224.000000) (320.000000 1344.000000 192.000000) 
4 55 56 (1056.000000 1344.000000 224.000000) (1056.000000 1344.000000 512.000000) (320.000000 1344.000000 512.000000) (320.000000 1344.000000 224.000000) 
4 56 83 (1056.000000 928.000000 224.000000) (1056.000000 928.000000 512.000000) (320.000000 928.000000 512.000000) (320.000000 928.000000 224.000000) 
4 56 63 (320.000000 928.000000 224.000000) (320.000000 928.000000 512.000000) (320.000000 960.000000 512.000000) (320.000000 960.000000 224.000000) 
4 56 61 (320.000000 960.000000 512.000000) (320.000000 1344.000000 512.000000) (320.000000 1344.000000 224.000000) (320.000000 960.000000 224.000000) 
4 56 57 (320.000000 960.000000 224.000000) (320.000000 1344.000000 224.000000) (1056.000000 1344.000000 224.000000) (1056.000000 960.000000 224.000000) 
4 57 61 (320.000000 960.000000 192.000000) (320.000000 960.000000 224.000000) (320.000000 1344.000000 224.000000) (320.000000 1344.000000 192.000000) 
4 57 58 (320.000000 960.000000 192.000000) (320.000000 1312.000000 192.000000) (1056.000000 1312.000000 192.000000) (1056.000000 960.000000 192.000000) 
4 58 95 (1056.000000 1312.000000 -96.000000) (1056.000000 960.000000 -96.000000) (320.000000 960.000000 -96.000000) (320.000000 1312.000000 -96.000000) 
4 58 62 (320.000000 1312.000000 -96.000000) (320.000000 960.000000 -96.000000) (320.000000 960.000000 192.000000) (320.000000 1312.000000 192.000000) 
4 59 64 (-320.000000 1344.000000 192.000000) (-320.000000 1344.000000 512.000000) (-320.000000 1504.000000 512.000000) (-320.000000 1504.000000 192.000000) 
4 59 61 (320.000000 1344.000000 192.000000) (320.000000 1344.000000 512.000000) (-320.000000 1344.000000 512.000000) (-320.000000 1344.000000 192.000000) 
4 60 65 (-320.000000 1344.000000 -64.000000) (-320.000000 1344.000000 160.000000) (-320.000000 1504.000000 160.000000) (-320.000000 1504.000000 -64.000000) 
4 61 64 (-320.000000 960.000000 192.000000) (-320.000000 960.000000 512.000000) (-320.000000 1344.000000 512.000000) (-320.000000 1344.000000 192.000000) 
4 61 63 (-320.000000 960.000000 512.000000) (-320.000000 960.000000 224.000000) (320.000000 960.000000 224.000000) (320.000000 960.000000 512.000000) 
4 61 62 (-320.000000 960.000000 192.000000) (-320.000000 1312.000000 192.000000) (320.000000 1312.000000 192.000000) (320.000000 960.000000 192.000000) 
4 62 95 (-320.000000 960.000000 -96.000000) (-320.000000 1312.000000 -96.000000) (320.000000 1312.000000 -96.000000) (320.000000 960.000000 -96.000000) 
4 62 66 (-320.000000 1312.000000 -96.000000) (-320.000000 960.000000 -96.000000) (-320.000000 960.000000 192.000000) (-320.000000 1312.000000 192.000000) 
4 63 83 (320.000000 928.000000 224.000000) (320.000000 928.000000 512.000000) (-320.000000 928.000000 512.000000) (-320.000000 928.000000 224.000000) 
4 63 64 (-320.000000 928.000000 224.000000) (-320.000000 928.000000 512.000000) (-320.000000 960.000000 512.000000) (-320.000000 960.000000 224.000000) 
4 64 83 (-320.000000 928.000000 192.000000) (-320.000000 928.000000 512.000000) (-2016.000000 928.000000 512.000000) (-2016.000000 928.000000 192.000000) 
4 64 75 (-2016.000000 928.000000 192.000000) (-2016.000000 928.000000 512.000000) (-2016.000000 1504.000000 512.000000) (-2016.000000 1504.000000 192.000000) 
4 64 66 (-320.000000 1312.000000 192.000000) (-320.000000 928.000000 192.000000) (-2016.000000 928.000000 192.000000) (-2016.000000 1312.000000 192.000000) 
4 66 95 (-320.000000 928.000000 -96.000000) (-2016.000000 928.000000 -96.000000) (-2016.000000 1312.000000 -96.000000) (-320.000000 1312.000000 -96.000000) 
4 66 83 (-2016.000000 928.000000 -96.000000) (-320.000000 928.000000 -96.000000) (-320.000000 928.000000 192.000000) (-2016.000000 928.000000 192.000000) 
4 66 75 (-2016.000000 1312.000000 -96.000000) (-2016.000000 928.000000 -96.000000) (-2016.000000 928.000000 192.000000) (-2016.000000 1312.000000 192.000000) 
4 67 94 (-3799.920000 3520.000000 -96.000000) (-2016.000000 3520.000000 -96.000000) (-2016.000000 3488.000000 -96.000000) (-3799.920000 3488.000000 -96.000000) 
4 67 74 (-3799.920000 3520.000000 -96.000000) (-3799.920000 3488.000000 -96.000000) (-3799.920000 3488.000000 512.000000) (-3799.920000 3520.000000 512.000000) 
4 68 95 (-2016.000000 3488.000000 -96.000000) (-2016.000000 3168.000000 -96.000000) (-3799.920000 3168.000000 -96.000000) (-3799.920000 3488.000000 -96.000000) 
4 68 73 (-3799.920000 3168.000000 -96.000000) (-2432.000000 3168.000000 -96.000000) (-2432.000000 3168.000000 32.000000) (-3799.920000 3168.000000 32.000000) 
4 68 69 (-2016.000000 3168.000000 32.000000) (-2016.000000 3168.000000 512.000000) (-3799.920000 3168.000000 512.000000) (-3799.920000 3168.000000 32.000000) 
4 69 80 (-2432.000000 2624.000000 512.000000) (-3799.920000 2624.000000 512.000000) (-3799.920000 2624.000000 32.000000) (-2432.000000 2624.000000 32.000000) 
4 69 77 (-2400.000000 2624.000000 32.000000) (-2240.000000 2624.000000 32.000000) (-2240.000000 2624.000000 352.000000) (-2400.000000 2624.000000 352.000000) 
4 69 76 (-2208.000000 2624.000000 512.000000) (-2432.000000 2624.000000 512.000000) (-2432.000000 2624.000000 352.000000) (-2208.000000 2624.000000 352.000000) 
4 69 75 (-2016.000000 2624.000000 32.000000) (-2016.000000 2624.000000 512.000000) (-2208.000000 2624.000000 512.000000) (-2208.000000 2624.000000 32.000000) 
4 69 72 (-2240.000000 2624.000000 32.000000) (-2400.000000 2624.000000 32.000000) (-2400.000000 3040.000000 32.000000) (-2240.000000 3040.000000 32.000000) 
4 69 71 (-2016.000000 2624.000000 32.000000) (-2208.000000 2624.000000 32.000000) (-2208.000000 3008.000000 32.000000) (-2016.000000 3008.000000 32.000000) 
4 69 70 (-2400.000000 3040.000000 32.000000) (-2400.000000 3136.000000 32.000000) (-2016.000000 3136.000000 32.000000) (-2016.000000 3040.000000 32.000000) 
4 69 73 (-2432.000000 2624.000000 32.000000) (-3799.920000 2624.000000 32.000000) (-3799.920000 3168.000000 32.000000) (-2432.000000 3168.000000 32.000000) 
4 70 72 (-2240.000000 3040.000000 32.000000) (-2400.000000 3040.000000 32.000000) (-2400.000000 3040.000000 -64.000000) (-2240.000000 3040.000000 -64.000000) 
4 71 95 (-2016.000000 3008.000000 -96.000000) (-2016.000000 2624.000000 -96.000000) (-2208.000000 2624.000000 -96.000000) (-2208.000000 3008.000000 -96.000000) 
4 71 75 (-2208.000000 2624.000000 -96.000000) (-2016.000000 2624.000000 -96.000000) (-2016.000000 2624.000000 32.000000) (-2208.000000 2624.000000 32.000000) 
4 72 77 (-2240.000000 2624.000000 32.000000) (-2400.000000 2624.000000 32.000000) (-2400.000000 2624.000000 -64.000000) (-2240.000000 2624.000000 -64.000000) 
4 73 95 (-2432.000000 2624.000000 -96.000000) (-3799.920000 2624.000000 -96.000000) (-3799.920000 3168.000000 -96.000000) (-2432.000000 3168.000000 -96.000000) 
4 73 80 (-3799.920000 2624.000000 -96.000000) (-2432.000000 2624.000000 -96.000000) (-2432.000000 2624.000000 32.000000) (-3799.920000 2624.000000 32.000000) 
4 74 97 (-3840.000000 3520.000000 -96.000000) (-3799.920000 3520.000000 -96.000000) (-3799.920000 2624.000000 -96.000000) (-3840.000000 2624.000000 -96.000000) 
4 74 81 (-3840.000000 2624.000000 -96.000000) (-3799.920000 2624.000000 -96.000000) (-3799.920000 2624.000000 512.000000) (-3840.000000 2624.000000 512.000000) 
4 75 95 (-2208.000000 2624.000000 -96.000000) (-2016.000000 2624.000000 -96.000000) (-2016.000000 928.000000 -96.000000) (-2208.000000 928.000000 -96.000000) 
4 75 83 (-2208.000000 928.000000 -96.000000) (-2016.000000 928.000000 -96.000000) (-2016.000000 928.000000 512.000000) (-2208.000000 928.000000 512.000000) 
4 75 78 (-2208.000000 1056.000000 -64.000000) (-2208.000000 928.000000 -64.000000) (-2208.000000 928.000000 512.000000) (-2208.000000 1056.000000 512.000000) 
4 75 76 (-2208.000000 2624.000000 512.000000) (-2208.000000 2624.000000 352.000000) (-2208.000000 1088.000000 352.000000) (-2208.000000 1088.000000 512.000000) 
4 75 79 (-2208.000000 2624.000000 -64.000000) (-2208.000000 2624.000000 -96.000000) (-2208.000000 928.000000 -96.000000) (-2208.000000 928.000000 -64.000000) 
4 76 80 (-2432.000000 1088.000000 512.000000) (-2432.000000 2624.000000 512.000000) (-2432.000000 2624.000000 352.000000) (-2432.000000 1088.000000 352.000000) 
4 76 77 (-2400.000000 2624.000000 352.000000) (-2240.000000 2624.000000 352.000000) (-2240.000000 1088.000000 352.000000) (-2400.000000 1088.000000 352.000000) 
4 78 83 (-2208.000000 928.000000 -64.000000) (-2208.000000 928.000000 512.000000) (-2432.000000 928.000000 512.000000) (-2432.000000 928.000000 -64.000000) 
4 78 80 (-2432.000000 928.000000 -64.000000) (-2432.000000 928.000000 512.000000) (-2432.000000 1056.000000 512.000000) (-2432.000000 1056.000000 -64.000000) 
4 78 79 (-2208.000000 1056.000000 -64.000000) (-2208.000000 928.000000 -64.000000) (-2432.000000 928.000000 -64.000000) (-2432.000000 1056.000000 -64.000000) 
4 79 95 (-2432.000000 2624.000000 -96.000000) (-2208.000000 2624.000000 -96.000000) (-2208.000000 928.000000 -96.000000) (-2432.000000 928.000000 -96.000000) 
4 79 83 (-2432.000000 928.000000 -96.000000) (-2208.000000 928.000000 -96.000000) (-2208.000000 928.000000 -64.000000) (-2432.000000 928.000000 -64.000000) 
4 79 80 (-2432.000000 2624.000000 -96.000000) (-2432.000000 928.000000 -96.000000) (-2432.000000 928.000000 -64.000000) (-2432.000000 2624.000000 -64.000000) 
4 80 95 (-3799.920000 2624.000000 -96.000000) (-2432.000000 2624.000000 -96.000000) (-2432.000000 928.000000 -96.000000) (-3799.920000 928.000000 -96.000000) 
4 80 83 (-3799.920000 928.000000 -96.000000) (-2432.000000 928.000000 -96.000000) (-2432.000000 928.000000 512.000000) (-3799.920000 928.000000 512.000000) 
4 81 97 (-3840.000000 2624.000000 -96.000000) (-3799.920000 2624.000000 -96.000000) (-3799.920000 928.000000 -96.000000) (-3840.000000 928.000000 -96.000000) 
4 81 84 (-3840.000000 928.000000 -96.000000) (-3799.920000 928.000000 -96.000000) (-3799.920000 928.000000 512.000000) (-3840.000000 928.000000 512.000000) 
4 82 85 (2080.000000 -1888.000000 224.000000) (2080.000000 -1888.000000 512.000000) (2048.000000 -1888.000000 512.000000) (2048.000000 -1888.000000 224.000000) 
4 82 83 (2048.000000 928.000000 512.000000) (2048.000000 928.000000 224.000000) (2048.000000 -1888.000000 224.000000) (2048.000000 -1888.000000 512.000000) 
4 83 95 (-3799.920000 928.000000 -96.000000) (2048.000000 928.000000 -96.000000) (2048.000000 -1888.000000 -96.000000) (-3799.920000 -1888.000000 -96.000000) 
4 83 85 (-3799.920000 -1888.000000 -96.000000) (2048.000000 -1888.000000 -96.000000) (2048.000000 -1888.000000 512.000000) (-3799.920000 -1888.000000 512.000000) 
4 84 97 (-3840.000000 928.000000 -96.000000) (-3799.920000 928.000000 -96.000000) (-3799.920000 -1888.000000 -96.000000) (-3840.000000 -1888.000000 -96.000000) 
4 84 86 (-3840.000000 -1888.000000 -96.000000) (-3799.920000 -1888.000000 -96.000000) (-3799.920000 -1888.000000 512.000000) (-3840.000000 -1888.000000 512.000000) 
4 85 95 (-3799.920000 -1888.000000 -96.000000) (2080.000000 -1888.000000 -96.000000) (2080.000000 -2400.000000 -96.000000) (-3799.920000 -2400.000000 -96.000000) 
4 85 90 (-3799.920000 -2400.000000 -96.000000) (-320.000000 -2400.000000 -96.000000) (-320.000000 -2400.000000 512.000000) (-3799.920000 -2400.000000 512.000000) 
4 85 87 (2080.000000 -2400.000000 224.000000) (2080.000000 -2400.000000 512.000000) (-320.000000 -2400.000000 512.000000) (-320.000000 -2400.000000 224.000000) 
4 86 97 (-3840.000000 -1888.000000 -96.000000) (-3799.920000 -1888.000000 -96.000000) (-3799.920000 -2400.000000 -96.000000) (-3840.000000 -2400.000000 -96.000000) 
4 86 92 (-3840.000000 -2400.000000 -96.000000) (-3799.920000 -2400.000000 -96.000000) (-3799.920000 -2400.000000 512.000000) (-3840.000000 -2400.000000 512.000000) 
4 87 90 (-320.000000 -2400.000000 512.000000) (-320.000000 -2400.000000 224.000000) (-320.000000 -2432.000000 224.000000) (-320.000000 -2432.000000 512.000000) 
4 87 88 (2080.000000 -2432.000000 224.000000) (2080.000000 -2432.000000 512.000000) (-320.000000 -2432.000000 512.000000) (-320.000000 -2432.000000 224.000000) 
4 88 95 (-320.000000 -3136.000000 -96.000000) (-320.000000 -2432.000000 -96.000000) (2080.000000 -2432.000000 -96.000000) (2080.000000 -3136.000000 -96.000000) 
4 88 90 (-320.000000 -2432.000000 -96.000000) (-320.000000 -3136.000000 -96.000000) (-320.000000 -3136.000000 512.000000) (-320.000000 -2432.000000 512.000000) 
4 89 96 (-320.000000 -3168.000000 -96.000000) (-320.000000 -3136.000000 -96.000000) (2080.000000 -3136.000000 -96.000000) (2080.000000 -3168.000000 -96.000000) 
4 89 91 (-320.000000 -3136.000000 -96.000000) (-320.000000 -3168.000000 -96.000000) (-320.000000 -3168.000000 512.000000) (-320.000000 -3136.000000 512.000000) 
4 90 95 (-3799.920000 -2400.000000 -96.000000) (-320.000000 -2400.000000 -96.000000) (-320.000000 -3136.000000 -96.000000) (-3799.920000 -3136.000000 -96.000000) 
4 91 96 (-320.000000 -3136.000000 -96.000000) (-320.000000 -3168.000000 -96.000000) (-3799.920000 -3168.000000 -96.000000) (-3799.920000 -3136.000000 -96.000000) 
4 91 92 (-3799.920000 -3136.000000 -96.000000) (-3799.920000 -3168.000000 -96.000000) (-3799.920000 -3168.000000 512.000000) (-3799.920000 -3136.000000 512.000000) 
4 92 97 (-3840.000000 -2400.000000 -96.000000) (-3799.920000 -2400.000000 -96.000000) (-3799.920000 -3168.000000 -96.000000) (-3840.000000 -3168.000000 -96.000000) 
4 93 94 (3735.920000 3520.000000 -96.000000) (3735.920000 3520.000000 -3006.590000) (3735.920000 3488.000000 -3006.590000) (3735.920000 3488.000000 -96.000000) 
4 93 96 (3735.920000 -3136.000000 -3006.590000) (3776.000000 -3136.000000 -3006.590000) (3776.000000 -3136.000000 -96.000000) (3735.920000 -3136.000000 -96.000000) 
4 93 98 (3735.920000 3520.000000 -3006.590000) (3776.000000 3520.000000 -3006.590000) (3776.000000 -3136.000000 -3006.590000) (3735.920000 -3136.000000 -3006.590000) 
4 94 97 (-3799.920000 3520.000000 -96.000000) (-3799.920000 3520.000000 -3006.590000) (-3799.920000 3488.000000 -3006.590000) (-3799.920000 3488.000000 -96.000000) 
4 94 98 (-3799.920000 3520.000000 -3006.590000) (3735.920000 3520.000000 -3006.590000) (3735.920000 3488.000000 -3006.590000) (-3799.920000 3488.000000 -3006.590000) 
4 96 97 (-3799.920000 -3136.000000 -3006.590000) (-3799.920000 -3168.000000 -3006.590000) (-3799.920000 -3168.000000 -96.000000) (-3799.920000 -3136.000000 -96.000000) 
4 96 98 (3776.000000 -3136.000000 -3006.590000) (3776.000000 -3168.000000 -3006.590000) (-3799.920000 -3168.000000 -3006.590000) (-3799.920000 -3136.000000 -3006.590000) 
4 97 98 (-3840.000000 -3168.000000 -3006.590000) (-3840.000000 3520.000000 -3006.590000) (-3799.920000 3520.000000 -3006.590000) (-3799.920000 -3168.000000 -3006.590000) 
